--------------- Clean Started: 09/09/2016 11:24:06 Project: firmware, Configuration: DP8051 Keil 9.51 Release ---------------
Deleting file ".\DP8051_Keil_951\Release\command_processing.obj"
Deleting file ".\DP8051_Keil_951\Release\globals.obj"
Deleting file ".\DP8051_Keil_951\Release\main.obj"
Deleting file ".\DP8051_Keil_951\Release\utils.obj"
Deleting file ".\DP8051_Keil_951\Release\interruptions.obj"
Deleting file ".\DP8051_Keil_951\Release\cyfitter_cfg.obj"
Deleting file ".\DP8051_Keil_951\Release\MOTOR_1A.obj"
Deleting file ".\DP8051_Keil_951\Release\MOTOR_EN.obj"
Deleting file ".\DP8051_Keil_951\Release\MOTOR_2A.obj"
Deleting file ".\DP8051_Keil_951\Release\UART_RS485.obj"
Deleting file ".\DP8051_Keil_951\Release\UART_RS485_PM.obj"
Deleting file ".\DP8051_Keil_951\Release\UART_RS485_INT.obj"
Deleting file ".\DP8051_Keil_951\Release\UART_RS485_BOOT.obj"
Deleting file ".\DP8051_Keil_951\Release\RS_485_EN.obj"
Deleting file ".\DP8051_Keil_951\Release\PWM_MOTORS.obj"
Deleting file ".\DP8051_Keil_951\Release\PWM_MOTORS_PM.obj"
Deleting file ".\DP8051_Keil_951\Release\CLOCK_PWM.obj"
Deleting file ".\DP8051_Keil_951\Release\Signal_1_C.obj"
Deleting file ".\DP8051_Keil_951\Release\CURRENT_SENSE_2.obj"
Deleting file ".\DP8051_Keil_951\Release\CURRENT_SENSE_1.obj"
Deleting file ".\DP8051_Keil_951\Release\ISR_RS485_RX.obj"
Deleting file ".\DP8051_Keil_951\Release\CLOCK_UART.obj"
Deleting file ".\DP8051_Keil_951\Release\MOTOR_1B.obj"
Deleting file ".\DP8051_Keil_951\Release\MOTOR_2B.obj"
Deleting file ".\DP8051_Keil_951\Release\COUNTER_ENC.obj"
Deleting file ".\DP8051_Keil_951\Release\COUNTER_ENC_PM.obj"
Deleting file ".\DP8051_Keil_951\Release\SHIFTREG_ENC_1.obj"
Deleting file ".\DP8051_Keil_951\Release\SHIFTREG_ENC_1_PM.obj"
Deleting file ".\DP8051_Keil_951\Release\CLOCK_ENCODERS.obj"
Deleting file ".\DP8051_Keil_951\Release\Signal_2_C.obj"
Deleting file ".\DP8051_Keil_951\Release\SHIFTREG_ENC_2.obj"
Deleting file ".\DP8051_Keil_951\Release\SHIFTREG_ENC_2_PM.obj"
Deleting file ".\DP8051_Keil_951\Release\SHIFTREG_ENC_3.obj"
Deleting file ".\DP8051_Keil_951\Release\SHIFTREG_ENC_3_PM.obj"
Deleting file ".\DP8051_Keil_951\Release\EEPROM.obj"
Deleting file ".\DP8051_Keil_951\Release\USB_VDD.obj"
Deleting file ".\DP8051_Keil_951\Release\FTDI_ENABLE.obj"
Deleting file ".\DP8051_Keil_951\Release\VOLTAGE_SENSE.obj"
Deleting file ".\DP8051_Keil_951\Release\Signal_1_B.obj"
Deleting file ".\DP8051_Keil_951\Release\Signal_2_B.obj"
Deleting file ".\DP8051_Keil_951\Release\SHIFTREG_ENC_4.obj"
Deleting file ".\DP8051_Keil_951\Release\SHIFTREG_ENC_4_PM.obj"
Deleting file ".\DP8051_Keil_951\Release\ADC.obj"
Deleting file ".\DP8051_Keil_951\Release\ADC_PM.obj"
Deleting file ".\DP8051_Keil_951\Release\ADC_INT.obj"
Deleting file ".\DP8051_Keil_951\Release\Signal_1_A.obj"
Deleting file ".\DP8051_Keil_951\Release\Signal_2_A.obj"
Deleting file ".\DP8051_Keil_951\Release\RS485_CTS.obj"
Deleting file ".\DP8051_Keil_951\Release\RS485_CTS_PM.obj"
Deleting file ".\DP8051_Keil_951\Release\MOTOR_ON_OFF.obj"
Deleting file ".\DP8051_Keil_951\Release\MOTOR_ON_OFF_PM.obj"
Deleting file ".\DP8051_Keil_951\Release\Bootloadable.obj"
Deleting file ".\DP8051_Keil_951\Release\timer_clock.obj"
Deleting file ".\DP8051_Keil_951\Release\MY_TIMER.obj"
Deleting file ".\DP8051_Keil_951\Release\MY_TIMER_PM.obj"
Deleting file ".\DP8051_Keil_951\Release\FTDI_ENABLE_REG.obj"
Deleting file ".\DP8051_Keil_951\Release\FTDI_ENABLE_REG_PM.obj"
Deleting file ".\DP8051_Keil_951\Release\PACER_TIMER.obj"
Deleting file ".\DP8051_Keil_951\Release\PACER_TIMER_PM.obj"
Deleting file ".\DP8051_Keil_951\Release\FF_STATUS.obj"
Deleting file ".\DP8051_Keil_951\Release\RESET_FF.obj"
Deleting file ".\DP8051_Keil_951\Release\RESET_FF_PM.obj"
Deleting file ".\DP8051_Keil_951\Release\MOTOR_DIR.obj"
Deleting file ".\DP8051_Keil_951\Release\MOTOR_DIR_PM.obj"
Deleting file ".\DP8051_Keil_951\Release\ADC_AMux.obj"
Deleting file ".\DP8051_Keil_951\Release\ADC_Ext_CP_Clk.obj"
Deleting file ".\DP8051_Keil_951\Release\ADC_IRQ.obj"
Deleting file ".\DP8051_Keil_951\Release\ADC_theACLK.obj"
Deleting file ".\DP8051_Keil_951\Release\CyBootAsmKeil.obj"
Deleting file ".\DP8051_Keil_951\Release\CyDmac.obj"
Deleting file ".\DP8051_Keil_951\Release\CyFlash.obj"
Deleting file ".\DP8051_Keil_951\Release\CyLib.obj"
Deleting file ".\DP8051_Keil_951\Release\cymem.obj"
Deleting file ".\DP8051_Keil_951\Release\cyPm.obj"
Deleting file ".\DP8051_Keil_951\Release\CySpc.obj"
Deleting file ".\DP8051_Keil_951\Release\cyutils.obj"
Deleting file ".\DP8051_Keil_951\Release\KeilStart.obj"
Deleting file ".\DP8051_Keil_951\Release\DMA_dma.obj"
Deleting file ".\DP8051_Keil_951\Release\ADC_STATUS.obj"
Deleting file ".\DP8051_Keil_951\Release\ADC_SOC.obj"
Deleting file ".\DP8051_Keil_951\Release\ADC_SOC_PM.obj"
Deleting file ".\DP8051_Keil_951\Release\WATCHDOG_CLK.obj"
Deleting file ".\DP8051_Keil_951\Release\ISR_WATCHDOG.obj"
Deleting file ".\DP8051_Keil_951\Release\WATCHDOG_COUNTER.obj"
Deleting file ".\DP8051_Keil_951\Release\WATCHDOG_COUNTER_PM.obj"
Deleting file ".\DP8051_Keil_951\Release\WATCHDOG_ENABLER.obj"
Deleting file ".\DP8051_Keil_951\Release\WATCHDOG_ENABLER_PM.obj"
Deleting file ".\DP8051_Keil_951\Release\WATCHDOG_REFRESH.obj"
Deleting file ".\DP8051_Keil_951\Release\WATCHDOG_REFRESH_PM.obj"
Deleting file ".\DP8051_Keil_951\Release\LED.obj"
Deleting file ".\DP8051_Keil_951\Release\LED_REG.obj"
Deleting file ".\DP8051_Keil_951\Release\LED_REG_PM.obj"
Deleting file ".\DP8051_Keil_951\Release\EMG_1.obj"
Deleting file ".\DP8051_Keil_951\Release\EMG_2.obj"
Deleting file ".\DP8051_Keil_951\Release\UP_DOWN.obj"
Deleting file ".\DP8051_Keil_951\Release\LEFT_RIGHT.obj"
Deleting file ".\DP8051_Keil_951\Release\firmware.elf"
Deleting file ".\DP8051_Keil_951\Release\firmware.map"
Deleting file ".\DP8051_Keil_951\Release\firmware.cyacd"
Deleting file ".\firmware.cycdx"
Deleting file ".\firmware.svd"
Deleting file ".\firmware.rpt"
Deleting file ".\firmware_timing.html"
Deleting file ".\DP8051_Keil_951\Release\.deps\C_FILE.P"
Deleting file ".\DP8051_Keil_951\Release\.deps\DP8051_C_FILE.P"
Deleting file ".\DP8051_Keil_951\Release\.deps\KEIL_8051_ASM_FILE.P"
--------------- Clean Succeeded: 09/09/2016 11:24:06 ---------------
