C51 COMPILER V9.51   MOTOR_ON_OFF                                                          02/07/2017 16:12:17 PAGE 1   


C51 COMPILER V9.51, COMPILATION OF MODULE MOTOR_ON_OFF
OBJECT MODULE PLACED IN .\DP8051_Keil_951\Release\MOTOR_ON_OFF.obj
COMPILER INVOKED BY: C:\Program Files (x86)\Cypress\PSoC Creator\4.0\PSoC Creator\import\keil\pk51\9.51\C51\BIN\c51.exe 
                    -Generated_Source\PSoC3\MOTOR_ON_OFF.c NOIV LARGE MODDP2 OMF2 VB(1) NOIP INCDIR(.,Generated_Source\PSoC3) FF(3) DB DF(NDE
                    -BUG) WL(2) PR(.\DP8051_Keil_951\Release/MOTOR_ON_OFF.lst) CD OT(8,SPEED) OJ(.\DP8051_Keil_951\Release\MOTOR_ON_OFF.obj)

line level    source

*** MESSAGE C286 IN LINE 0 OF (null): license limits optimization to level 5
   1          /*******************************************************************************
   2          * File Name: MOTOR_ON_OFF.c  
   3          * Version 1.80
   4          *
   5          * Description:
   6          *  This file contains API to enable firmware control of a Control Register.
   7          *
   8          * Note:
   9          *
  10          ********************************************************************************
  11          * Copyright 2008-2015, Cypress Semiconductor Corporation.  All rights reserved.
  12          * You may use this file only in accordance with the license, terms, conditions, 
  13          * disclaimers, and limitations in the end user license agreement accompanying 
  14          * the software package with which this file was provided.
  15          *******************************************************************************/
  16          
  17          #include "MOTOR_ON_OFF.h"
  18          
  19          /* Check for removal by optimization */
  20          #if !defined(MOTOR_ON_OFF_Sync_ctrl_reg__REMOVED)
  21          
  22              
  23          /*******************************************************************************
  24          * Function Name: MOTOR_ON_OFF_Write
  25          ********************************************************************************
  26          *
  27          * Summary:
  28          *  Write a byte to the Control Register.
  29          *
  30          * Parameters:
  31          *  control:  The value to be assigned to the Control Register.
  32          *
  33          * Return:
  34          *  None.
  35          *
  36          *******************************************************************************/
  37          void MOTOR_ON_OFF_Write(uint8 control) 
  38          {
  39   1          MOTOR_ON_OFF_Control = control;
  40   1      }
  41          
  42          
  43          /*******************************************************************************
  44          * Function Name: MOTOR_ON_OFF_Read
  45          ********************************************************************************
  46          *
  47          * Summary:
  48          *  Reads the current value assigned to the Control Register.
  49          *
  50          * Parameters:
  51          *  None.
  52          *
C51 COMPILER V9.51   MOTOR_ON_OFF                                                          02/07/2017 16:12:17 PAGE 2   

  53          * Return:
  54          *  Returns the current value in the Control Register.
  55          *
  56          *******************************************************************************/
  57          uint8 MOTOR_ON_OFF_Read(void) 
  58          {
  59   1          return MOTOR_ON_OFF_Control;
  60   1      }
  61          
  62          #endif /* End check for removal by optimization */
  63          
  64          
  65          /* [] END OF FILE */
C51 COMPILER V9.51   MOTOR_ON_OFF                                                          02/07/2017 16:12:17 PAGE 3   

ASSEMBLY LISTING OF GENERATED OBJECT CODE


             ; FUNCTION _MOTOR_ON_OFF_Write (BEGIN)
                                           ; SOURCE LINE # 37
;---- Variable 'control' assigned to Register 'R7' ----
                                           ; SOURCE LINE # 38
                                           ; SOURCE LINE # 39
0000 90647E            MOV     DPTR,#0647EH
0003 EF                MOV     A,R7
0004 F0                MOVX    @DPTR,A
                                           ; SOURCE LINE # 40
0005 22                RET     
             ; FUNCTION _MOTOR_ON_OFF_Write (END)

             ; FUNCTION MOTOR_ON_OFF_Read (BEGIN)
                                           ; SOURCE LINE # 57
                                           ; SOURCE LINE # 58
                                           ; SOURCE LINE # 59
0000 90647E            MOV     DPTR,#0647EH
0003 E0                MOVX    A,@DPTR
0004 FF                MOV     R7,A
                                           ; SOURCE LINE # 60
0005         ?C0002:
0005 22                RET     
             ; FUNCTION MOTOR_ON_OFF_Read (END)



MODULE INFORMATION:   STATIC OVERLAYABLE
   CODE SIZE        =     12    ----
   CONSTANT SIZE    =   ----    ----
   XDATA SIZE       =   ----    ----
   PDATA SIZE       =   ----    ----
   DATA SIZE        =   ----    ----
   IDATA SIZE       =   ----    ----
   BIT SIZE         =   ----    ----
   EDATA SIZE       =   ----    ----
   HDATA SIZE       =   ----    ----
   XDATA CONST SIZE =   ----    ----
   FAR CONST SIZE   =   ----    ----
END OF MODULE INFORMATION.


C51 COMPILATION COMPLETE.  0 WARNING(S),  0 ERROR(S)
