C51 COMPILER V9.51   MOTOR_EN                                                              02/07/2017 16:12:09 PAGE 1   


C51 COMPILER V9.51, COMPILATION OF MODULE MOTOR_EN
OBJECT MODULE PLACED IN .\DP8051_Keil_951\Release\MOTOR_EN.obj
COMPILER INVOKED BY: C:\Program Files (x86)\Cypress\PSoC Creator\4.0\PSoC Creator\import\keil\pk51\9.51\C51\BIN\c51.exe 
                    -Generated_Source\PSoC3\MOTOR_EN.c NOIV LARGE MODDP2 OMF2 VB(1) NOIP INCDIR(.,Generated_Source\PSoC3) FF(3) DB DF(NDEBUG)
                    - WL(2) PR(.\DP8051_Keil_951\Release/MOTOR_EN.lst) CD OT(8,SPEED) OJ(.\DP8051_Keil_951\Release\MOTOR_EN.obj)

line level    source

*** MESSAGE C286 IN LINE 0 OF (null): license limits optimization to level 5
   1          /*******************************************************************************
   2          * File Name: MOTOR_EN.c  
   3          * Version 2.20
   4          *
   5          * Description:
   6          *  This file contains API to enable firmware control of a Pins component.
   7          *
   8          * Note:
   9          *
  10          ********************************************************************************
  11          * Copyright 2008-2015, Cypress Semiconductor Corporation.  All rights reserved.
  12          * You may use this file only in accordance with the license, terms, conditions, 
  13          * disclaimers, and limitations in the end user license agreement accompanying 
  14          * the software package with which this file was provided.
  15          *******************************************************************************/
  16          
  17          #include "cytypes.h"
  18          #include "MOTOR_EN.h"
  19          
  20          
  21          /*******************************************************************************
  22          * Function Name: MOTOR_EN_Write
  23          ****************************************************************************//**
  24          *
  25          * \brief Writes the value to the physical port (data output register), masking
  26          *  and shifting the bits appropriately. 
  27          *
  28          * The data output register controls the signal applied to the physical pin in 
  29          * conjunction with the drive mode parameter. This function avoids changing 
  30          * other bits in the port by using the appropriate method (read-modify-write or
  31          * bit banding).
  32          *
  33          * <b>Note</b> This function should not be used on a hardware digital output pin 
  34          * as it is driven by the hardware signal attached to it.
  35          *
  36          * \param value
  37          *  Value to write to the component instance.
  38          *
  39          * \return 
  40          *  None 
  41          *
  42          * \sideeffect
  43          *  If you use read-modify-write operations that are not atomic; the Interrupt 
  44          *  Service Routines (ISR) can cause corruption of this function. An ISR that 
  45          *  interrupts this function and performs writes to the Pins component data 
  46          *  register can cause corrupted port data. To avoid this issue, you should 
  47          *  either use the Per-Pin APIs (primary method) or disable interrupts around 
  48          *  this function.
  49          *
  50          * \funcusage
  51          *  \snippet MOTOR_EN_SUT.c usage_MOTOR_EN_Write
  52          *******************************************************************************/
C51 COMPILER V9.51   MOTOR_EN                                                              02/07/2017 16:12:09 PAGE 2   

  53          void MOTOR_EN_Write(uint8 value) 
  54          {
  55   1          uint8 staticBits = (MOTOR_EN_DR & (uint8)(~MOTOR_EN_MASK));
  56   1          MOTOR_EN_DR = staticBits | ((uint8)(value << MOTOR_EN_SHIFT) & MOTOR_EN_MASK);
  57   1      }
  58          
  59          
  60          /*******************************************************************************
  61          * Function Name: MOTOR_EN_SetDriveMode
  62          ****************************************************************************//**
  63          *
  64          * \brief Sets the drive mode for each of the Pins component's pins.
  65          * 
  66          * <b>Note</b> This affects all pins in the Pins component instance. Use the
  67          * Per-Pin APIs if you wish to control individual pin's drive modes.
  68          *
  69          * \param mode
  70          *  Mode for the selected signals. Valid options are documented in 
  71          *  \ref driveMode.
  72          *
  73          * \return
  74          *  None
  75          *
  76          * \sideeffect
  77          *  If you use read-modify-write operations that are not atomic, the ISR can
  78          *  cause corruption of this function. An ISR that interrupts this function 
  79          *  and performs writes to the Pins component Drive Mode registers can cause 
  80          *  corrupted port data. To avoid this issue, you should either use the Per-Pin
  81          *  APIs (primary method) or disable interrupts around this function.
  82          *
  83          * \funcusage
  84          *  \snippet MOTOR_EN_SUT.c usage_MOTOR_EN_SetDriveMode
  85          *******************************************************************************/
  86          void MOTOR_EN_SetDriveMode(uint8 mode) 
  87          {
  88   1              CyPins_SetPinDriveMode(MOTOR_EN_0, mode);
  89   1              CyPins_SetPinDriveMode(MOTOR_EN_1, mode);
  90   1      }
  91          
  92          
  93          /*******************************************************************************
  94          * Function Name: MOTOR_EN_Read
  95          ****************************************************************************//**
  96          *
  97          * \brief Reads the associated physical port (pin status register) and masks 
  98          *  the required bits according to the width and bit position of the component
  99          *  instance. 
 100          *
 101          * The pin's status register returns the current logic level present on the 
 102          * physical pin.
 103          *
 104          * \return 
 105          *  The current value for the pins in the component as a right justified number.
 106          *
 107          * \funcusage
 108          *  \snippet MOTOR_EN_SUT.c usage_MOTOR_EN_Read  
 109          *******************************************************************************/
 110          uint8 MOTOR_EN_Read(void) 
 111          {
 112   1          return (MOTOR_EN_PS & MOTOR_EN_MASK) >> MOTOR_EN_SHIFT;
 113   1      }
 114          
C51 COMPILER V9.51   MOTOR_EN                                                              02/07/2017 16:12:09 PAGE 3   

 115          
 116          /*******************************************************************************
 117          * Function Name: MOTOR_EN_ReadDataReg
 118          ****************************************************************************//**
 119          *
 120          * \brief Reads the associated physical port's data output register and masks 
 121          *  the correct bits according to the width and bit position of the component 
 122          *  instance. 
 123          *
 124          * The data output register controls the signal applied to the physical pin in 
 125          * conjunction with the drive mode parameter. This is not the same as the 
 126          * preferred MOTOR_EN_Read() API because the 
 127          * MOTOR_EN_ReadDataReg() reads the data register instead of the status 
 128          * register. For output pins this is a useful function to determine the value 
 129          * just written to the pin.
 130          *
 131          * \return 
 132          *  The current value of the data register masked and shifted into a right 
 133          *  justified number for the component instance.
 134          *
 135          * \funcusage
 136          *  \snippet MOTOR_EN_SUT.c usage_MOTOR_EN_ReadDataReg 
 137          *******************************************************************************/
 138          uint8 MOTOR_EN_ReadDataReg(void) 
 139          {
 140   1          return (MOTOR_EN_DR & MOTOR_EN_MASK) >> MOTOR_EN_SHIFT;
 141   1      }
 142          
 143          
 144          /* If interrupt is connected for this Pins component */ 
 145          #if defined(MOTOR_EN_INTSTAT) 
              
                  /*******************************************************************************
                  * Function Name: MOTOR_EN_SetInterruptMode
                  ****************************************************************************//**
                  *
                  * \brief Configures the interrupt mode for each of the Pins component's
                  *  pins. Alternatively you may set the interrupt mode for all the pins
                  *  specified in the Pins component.
                  *
                  *  <b>Note</b> The interrupt is port-wide and therefore any enabled pin
                  *  interrupt may trigger it.
                  *
                  * \param position
                  *  The pin position as listed in the Pins component. You may OR these to be 
                  *  able to configure the interrupt mode of multiple pins within a Pins 
                  *  component. Or you may use MOTOR_EN_INTR_ALL to configure the
                  *  interrupt mode of all the pins in the Pins component.       
                  *  - MOTOR_EN_0_INTR       (First pin in the list)
                  *  - MOTOR_EN_1_INTR       (Second pin in the list)
                  *  - ...
                  *  - MOTOR_EN_INTR_ALL     (All pins in Pins component)
                  *
                  * \param mode
                  *  Interrupt mode for the selected pins. Valid options are documented in
                  *  \ref intrMode.
                  *
                  * \return 
                  *  None
                  *  
                  * \sideeffect
                  *  It is recommended that the interrupt be disabled before calling this 
C51 COMPILER V9.51   MOTOR_EN                                                              02/07/2017 16:12:09 PAGE 4   

                  *  function to avoid unintended interrupt requests. Note that the interrupt
                  *  type is port wide, and therefore will trigger for any enabled pin on the 
                  *  port.
                  *
                  * \funcusage
                  *  \snippet MOTOR_EN_SUT.c usage_MOTOR_EN_SetInterruptMode
                  *******************************************************************************/
                  void MOTOR_EN_SetInterruptMode(uint16 position, uint16 mode) 
                                          
                  {
                              if((position & MOTOR_EN_0_INTR) != 0u) 
                              { 
                                       MOTOR_EN_0_INTTYPE_REG = (uint8)mode; 
                              } 
                              if((position & MOTOR_EN_1_INTR) != 0u) 
                              { 
                                       MOTOR_EN_1_INTTYPE_REG = (uint8)mode; 
                              }
                  }
                  
                  
                  /*******************************************************************************
                  * Function Name: MOTOR_EN_ClearInterrupt
                  ****************************************************************************//**
                  *
                  * \brief Clears any active interrupts attached with the component and returns 
                  *  the value of the interrupt status register allowing determination of which
                  *  pins generated an interrupt event.
                  *
                  * \return 
                  *  The right-shifted current value of the interrupt status register. Each pin 
                  *  has one bit set if it generated an interrupt event. For example, bit 0 is 
                  *  for pin 0 and bit 1 is for pin 1 of the Pins component.
                  *  
                  * \sideeffect
                  *  Clears all bits of the physical port's interrupt status register, not just
                  *  those associated with the Pins component.
                  *
                  * \funcusage
                  *  \snippet MOTOR_EN_SUT.c usage_MOTOR_EN_ClearInterrupt
                  *******************************************************************************/
                  uint8 MOTOR_EN_ClearInterrupt(void) 
                  {
                      return (MOTOR_EN_INTSTAT & MOTOR_EN_MASK) >> MOTOR_EN_SHIFT;
                  }
              
              #endif /* (MOTOR_EN_INTSTAT) */ 
 224          
 225          
 226          /* [] END OF FILE */
C51 COMPILER V9.51   MOTOR_EN                                                              02/07/2017 16:12:09 PAGE 5   

ASSEMBLY LISTING OF GENERATED OBJECT CODE


             ; FUNCTION _MOTOR_EN_Write (BEGIN)
                                           ; SOURCE LINE # 53
;---- Variable 'value' assigned to Register 'R7' ----
                                           ; SOURCE LINE # 54
                                           ; SOURCE LINE # 55
0000 905110            MOV     DPTR,#05110H
0003 E0                MOVX    A,@DPTR
0004 549F              ANL     A,#09FH
0006 FE                MOV     R6,A
;---- Variable 'staticBits' assigned to Register 'R6' ----
                                           ; SOURCE LINE # 56
0007 EF                MOV     A,R7
0008 C4                SWAP    A
0009 33                RLC     A
000A 5460              ANL     A,#060H
000C 4E                ORL     A,R6
000D F0                MOVX    @DPTR,A
                                           ; SOURCE LINE # 57
000E 22                RET     
             ; FUNCTION _MOTOR_EN_Write (END)

             ; FUNCTION _MOTOR_EN_SetDriveMode (BEGIN)
                                           ; SOURCE LINE # 86
;---- Variable 'mode' assigned to Register 'R7' ----
                                           ; SOURCE LINE # 87
                                           ; SOURCE LINE # 88
0000 EF                MOV     A,R7
0001 540E              ANL     A,#0EH
0003 FE                MOV     R6,A
0004 90500D            MOV     DPTR,#0500DH
0007 E0                MOVX    A,@DPTR
0008 54F1              ANL     A,#0F1H
000A 4E                ORL     A,R6
000B F0                MOVX    @DPTR,A
                                           ; SOURCE LINE # 89
000C A3                INC     DPTR
000D E0                MOVX    A,@DPTR
000E 54F1              ANL     A,#0F1H
0010 4E                ORL     A,R6
0011 F0                MOVX    @DPTR,A
                                           ; SOURCE LINE # 90
0012 22                RET     
             ; FUNCTION _MOTOR_EN_SetDriveMode (END)

             ; FUNCTION MOTOR_EN_Read (BEGIN)
                                           ; SOURCE LINE # 110
                                           ; SOURCE LINE # 111
                                           ; SOURCE LINE # 112
0000 905111            MOV     DPTR,#05111H
0003 E0                MOVX    A,@DPTR
0004 5460              ANL     A,#060H
0006 7E00              MOV     R6,#00H
0008 7805              MOV     R0,#05H
000A         ?C0005:
000A CE                XCH     A,R6
000B C3                CLR     C
000C 13                RRC     A
000D CE                XCH     A,R6
000E 13                RRC     A
C51 COMPILER V9.51   MOTOR_EN                                                              02/07/2017 16:12:09 PAGE 6   

000F D8F9              DJNZ    R0,?C0005
0011 FF                MOV     R7,A
                                           ; SOURCE LINE # 113
0012         ?C0003:
0012 22                RET     
             ; FUNCTION MOTOR_EN_Read (END)

             ; FUNCTION MOTOR_EN_ReadDataReg (BEGIN)
                                           ; SOURCE LINE # 138
                                           ; SOURCE LINE # 139
                                           ; SOURCE LINE # 140
0000 905110            MOV     DPTR,#05110H
0003 E0                MOVX    A,@DPTR
0004 5460              ANL     A,#060H
0006 7E00              MOV     R6,#00H
0008 7805              MOV     R0,#05H
000A         ?C0006:
000A CE                XCH     A,R6
000B C3                CLR     C
000C 13                RRC     A
000D CE                XCH     A,R6
000E 13                RRC     A
000F D8F9              DJNZ    R0,?C0006
0011 FF                MOV     R7,A
                                           ; SOURCE LINE # 141
0012         ?C0004:
0012 22                RET     
             ; FUNCTION MOTOR_EN_ReadDataReg (END)



MODULE INFORMATION:   STATIC OVERLAYABLE
   CODE SIZE        =     72    ----
   CONSTANT SIZE    =   ----    ----
   XDATA SIZE       =   ----    ----
   PDATA SIZE       =   ----    ----
   DATA SIZE        =   ----    ----
   IDATA SIZE       =   ----    ----
   BIT SIZE         =   ----    ----
   EDATA SIZE       =   ----    ----
   HDATA SIZE       =   ----    ----
   XDATA CONST SIZE =   ----    ----
   FAR CONST SIZE   =   ----    ----
END OF MODULE INFORMATION.


C51 COMPILATION COMPLETE.  0 WARNING(S),  0 ERROR(S)
