C51 COMPILER V9.51   PWM_MOTORS                                                            02/07/2017 16:12:11 PAGE 1   


C51 COMPILER V9.51, COMPILATION OF MODULE PWM_MOTORS
OBJECT MODULE PLACED IN .\DP8051_Keil_951\Release\PWM_MOTORS.obj
COMPILER INVOKED BY: C:\Program Files (x86)\Cypress\PSoC Creator\4.0\PSoC Creator\import\keil\pk51\9.51\C51\BIN\c51.exe 
                    -Generated_Source\PSoC3\PWM_MOTORS.c NOIV LARGE MODDP2 OMF2 VB(1) NOIP INCDIR(.,Generated_Source\PSoC3) FF(3) DB DF(NDEBU
                    -G) WL(2) PR(.\DP8051_Keil_951\Release/PWM_MOTORS.lst) CD OT(8,SPEED) OJ(.\DP8051_Keil_951\Release\PWM_MOTORS.obj)

line level    source

*** MESSAGE C286 IN LINE 0 OF (null): license limits optimization to level 5
   1          /*******************************************************************************
   2          * File Name: PWM_MOTORS.c
   3          * Version 3.30
   4          *
   5          * Description:
   6          *  The PWM User Module consist of an 8 or 16-bit counter with two 8 or 16-bit
   7          *  comparitors. Each instance of this user module is capable of generating
   8          *  two PWM outputs with the same period. The pulse width is selectable between
   9          *  1 and 255/65535. The period is selectable between 2 and 255/65536 clocks.
  10          *  The compare value output may be configured to be active when the present
  11          *  counter is less than or less than/equal to the compare value.
  12          *  A terminal count output is also provided. It generates a pulse one clock
  13          *  width wide when the counter is equal to zero.
  14          *
  15          * Note:
  16          *
  17          *******************************************************************************
  18          * Copyright 2008-2014, Cypress Semiconductor Corporation.  All rights reserved.
  19          * You may use this file only in accordance with the license, terms, conditions,
  20          * disclaimers, and limitations in the end user license agreement accompanying
  21          * the software package with which this file was provided.
  22          ********************************************************************************/
  23          
  24          #include "PWM_MOTORS.h"
  25          
  26          /* Error message for removed <resource> through optimization */
  27          #ifdef PWM_MOTORS_PWMUDB_genblk1_ctrlreg__REMOVED
                  #error PWM_v3_30 detected with a constant 0 for the enable or \
                       constant 1 for reset. This will prevent the component from operating.
              #endif /* PWM_MOTORS_PWMUDB_genblk1_ctrlreg__REMOVED */
  31          
  32          uint8 PWM_MOTORS_initVar = 0u;
  33          
  34          
  35          /*******************************************************************************
  36          * Function Name: PWM_MOTORS_Start
  37          ********************************************************************************
  38          *
  39          * Summary:
  40          *  The start function initializes the pwm with the default values, the
  41          *  enables the counter to begin counting.  It does not enable interrupts,
  42          *  the EnableInt command should be called if interrupt generation is required.
  43          *
  44          * Parameters:
  45          *  None
  46          *
  47          * Return:
  48          *  None
  49          *
  50          * Global variables:
  51          *  PWM_MOTORS_initVar: Is modified when this function is called for the
  52          *   first time. Is used to ensure that initialization happens only once.
C51 COMPILER V9.51   PWM_MOTORS                                                            02/07/2017 16:12:11 PAGE 2   

  53          *
  54          *******************************************************************************/
  55          void PWM_MOTORS_Start(void) 
  56          {
  57   1          /* If not Initialized then initialize all required hardware and software */
  58   1          if(PWM_MOTORS_initVar == 0u)
  59   1          {
  60   2              PWM_MOTORS_Init();
  61   2              PWM_MOTORS_initVar = 1u;
  62   2          }
  63   1          PWM_MOTORS_Enable();
  64   1      
  65   1      }
  66          
  67          
  68          /*******************************************************************************
  69          * Function Name: PWM_MOTORS_Init
  70          ********************************************************************************
  71          *
  72          * Summary:
  73          *  Initialize component's parameters to the parameters set by user in the
  74          *  customizer of the component placed onto schematic. Usually called in
  75          *  PWM_MOTORS_Start().
  76          *
  77          * Parameters:
  78          *  None
  79          *
  80          * Return:
  81          *  None
  82          *
  83          *******************************************************************************/
  84          void PWM_MOTORS_Init(void) 
  85          {
  86   1          #if (PWM_MOTORS_UsingFixedFunction || PWM_MOTORS_UseControl)
  87   1              uint8 ctrl;
  88   1          #endif /* (PWM_MOTORS_UsingFixedFunction || PWM_MOTORS_UseControl) */
  89   1      
  90   1          #if(!PWM_MOTORS_UsingFixedFunction)
  91   1              #if(PWM_MOTORS_UseStatus)
                          /* Interrupt State Backup for Critical Region*/
                          uint8 PWM_MOTORS_interruptState;
                      #endif /* (PWM_MOTORS_UseStatus) */
  95   1          #endif /* (!PWM_MOTORS_UsingFixedFunction) */
  96   1      
  97   1          #if (PWM_MOTORS_UsingFixedFunction)
                      /* You are allowed to write the compare value (FF only) */
                      PWM_MOTORS_CONTROL |= PWM_MOTORS_CFG0_MODE;
                      #if (PWM_MOTORS_DeadBand2_4)
                          PWM_MOTORS_CONTROL |= PWM_MOTORS_CFG0_DB;
                      #endif /* (PWM_MOTORS_DeadBand2_4) */
              
                      ctrl = PWM_MOTORS_CONTROL3 & ((uint8 )(~PWM_MOTORS_CTRL_CMPMODE1_MASK));
                      PWM_MOTORS_CONTROL3 = ctrl | PWM_MOTORS_DEFAULT_COMPARE1_MODE;
              
                       /* Clear and Set SYNCTC and SYNCCMP bits of RT1 register */
                      PWM_MOTORS_RT1 &= ((uint8)(~PWM_MOTORS_RT1_MASK));
                      PWM_MOTORS_RT1 |= PWM_MOTORS_SYNC;
              
                      /*Enable DSI Sync all all inputs of the PWM*/
                      PWM_MOTORS_RT1 &= ((uint8)(~PWM_MOTORS_SYNCDSI_MASK));
                      PWM_MOTORS_RT1 |= PWM_MOTORS_SYNCDSI_EN;
              
C51 COMPILER V9.51   PWM_MOTORS                                                            02/07/2017 16:12:11 PAGE 3   

                  #elif (PWM_MOTORS_UseControl)
 116   1              /* Set the default compare mode defined in the parameter */
 117   1              ctrl = PWM_MOTORS_CONTROL & ((uint8)(~PWM_MOTORS_CTRL_CMPMODE2_MASK)) &
 118   1                      ((uint8)(~PWM_MOTORS_CTRL_CMPMODE1_MASK));
 119   1              PWM_MOTORS_CONTROL = ctrl | PWM_MOTORS_DEFAULT_COMPARE2_MODE |
 120   1                                         PWM_MOTORS_DEFAULT_COMPARE1_MODE;
 121   1          #endif /* (PWM_MOTORS_UsingFixedFunction) */
 122   1      
 123   1          #if (!PWM_MOTORS_UsingFixedFunction)
 124   1              #if (PWM_MOTORS_Resolution == 8)
 125   1                  /* Set FIFO 0 to 1 byte register for period*/
 126   1                  PWM_MOTORS_AUX_CONTROLDP0 |= (PWM_MOTORS_AUX_CTRL_FIFO0_CLR);
 127   1              #else /* (PWM_MOTORS_Resolution == 16)*/
                          /* Set FIFO 0 to 1 byte register for period */
                          PWM_MOTORS_AUX_CONTROLDP0 |= (PWM_MOTORS_AUX_CTRL_FIFO0_CLR);
                          PWM_MOTORS_AUX_CONTROLDP1 |= (PWM_MOTORS_AUX_CTRL_FIFO0_CLR);
                      #endif /* (PWM_MOTORS_Resolution == 8) */
 132   1      
 133   1              PWM_MOTORS_WriteCounter(PWM_MOTORS_INIT_PERIOD_VALUE);
 134   1          #endif /* (!PWM_MOTORS_UsingFixedFunction) */
 135   1      
 136   1          PWM_MOTORS_WritePeriod(PWM_MOTORS_INIT_PERIOD_VALUE);
 137   1      
 138   1              #if (PWM_MOTORS_UseOneCompareMode)
                          PWM_MOTORS_WriteCompare(PWM_MOTORS_INIT_COMPARE_VALUE1);
                      #else
 141   1                  PWM_MOTORS_WriteCompare1(PWM_MOTORS_INIT_COMPARE_VALUE1);
 142   1                  PWM_MOTORS_WriteCompare2(PWM_MOTORS_INIT_COMPARE_VALUE2);
 143   1              #endif /* (PWM_MOTORS_UseOneCompareMode) */
 144   1      
 145   1              #if (PWM_MOTORS_KillModeMinTime)
                          PWM_MOTORS_WriteKillTime(PWM_MOTORS_MinimumKillTime);
                      #endif /* (PWM_MOTORS_KillModeMinTime) */
 148   1      
 149   1              #if (PWM_MOTORS_DeadBandUsed)
                          PWM_MOTORS_WriteDeadTime(PWM_MOTORS_INIT_DEAD_TIME);
                      #endif /* (PWM_MOTORS_DeadBandUsed) */
 152   1      
 153   1          #if (PWM_MOTORS_UseStatus || PWM_MOTORS_UsingFixedFunction)
                      PWM_MOTORS_SetInterruptMode(PWM_MOTORS_INIT_INTERRUPTS_MODE);
                  #endif /* (PWM_MOTORS_UseStatus || PWM_MOTORS_UsingFixedFunction) */
 156   1      
 157   1          #if (PWM_MOTORS_UsingFixedFunction)
                      /* Globally Enable the Fixed Function Block chosen */
                      PWM_MOTORS_GLOBAL_ENABLE |= PWM_MOTORS_BLOCK_EN_MASK;
                      /* Set the Interrupt source to come from the status register */
                      PWM_MOTORS_CONTROL2 |= PWM_MOTORS_CTRL2_IRQ_SEL;
                  #else
 163   1              #if(PWM_MOTORS_UseStatus)
              
                          /* CyEnterCriticalRegion and CyExitCriticalRegion are used to mark following region critical*/
                          /* Enter Critical Region*/
                          PWM_MOTORS_interruptState = CyEnterCriticalSection();
                          /* Use the interrupt output of the status register for IRQ output */
                          PWM_MOTORS_STATUS_AUX_CTRL |= PWM_MOTORS_STATUS_ACTL_INT_EN_MASK;
              
                           /* Exit Critical Region*/
                          CyExitCriticalSection(PWM_MOTORS_interruptState);
              
                          /* Clear the FIFO to enable the PWM_MOTORS_STATUS_FIFOFULL
                                 bit to be set on FIFO full. */
                          PWM_MOTORS_ClearFIFO();
C51 COMPILER V9.51   PWM_MOTORS                                                            02/07/2017 16:12:11 PAGE 4   

                      #endif /* (PWM_MOTORS_UseStatus) */
 178   1          #endif /* (PWM_MOTORS_UsingFixedFunction) */
 179   1      }
 180          
 181          
 182          /*******************************************************************************
 183          * Function Name: PWM_MOTORS_Enable
 184          ********************************************************************************
 185          *
 186          * Summary:
 187          *  Enables the PWM block operation
 188          *
 189          * Parameters:
 190          *  None
 191          *
 192          * Return:
 193          *  None
 194          *
 195          * Side Effects:
 196          *  This works only if software enable mode is chosen
 197          *
 198          *******************************************************************************/
 199          void PWM_MOTORS_Enable(void) 
 200          {
 201   1          /* Globally Enable the Fixed Function Block chosen */
 202   1          #if (PWM_MOTORS_UsingFixedFunction)
                      PWM_MOTORS_GLOBAL_ENABLE |= PWM_MOTORS_BLOCK_EN_MASK;
                      PWM_MOTORS_GLOBAL_STBY_ENABLE |= PWM_MOTORS_BLOCK_STBY_EN_MASK;
                  #endif /* (PWM_MOTORS_UsingFixedFunction) */
 206   1      
 207   1          /* Enable the PWM from the control register  */
 208   1          #if (PWM_MOTORS_UseControl || PWM_MOTORS_UsingFixedFunction)
 209   1              PWM_MOTORS_CONTROL |= PWM_MOTORS_CTRL_ENABLE;
 210   1          #endif /* (PWM_MOTORS_UseControl || PWM_MOTORS_UsingFixedFunction) */
 211   1      }
 212          
 213          
 214          /*******************************************************************************
 215          * Function Name: PWM_MOTORS_Stop
 216          ********************************************************************************
 217          *
 218          * Summary:
 219          *  The stop function halts the PWM, but does not change any modes or disable
 220          *  interrupts.
 221          *
 222          * Parameters:
 223          *  None
 224          *
 225          * Return:
 226          *  None
 227          *
 228          * Side Effects:
 229          *  If the Enable mode is set to Hardware only then this function
 230          *  has no effect on the operation of the PWM
 231          *
 232          *******************************************************************************/
 233          void PWM_MOTORS_Stop(void) 
 234          {
 235   1          #if (PWM_MOTORS_UseControl || PWM_MOTORS_UsingFixedFunction)
 236   1              PWM_MOTORS_CONTROL &= ((uint8)(~PWM_MOTORS_CTRL_ENABLE));
 237   1          #endif /* (PWM_MOTORS_UseControl || PWM_MOTORS_UsingFixedFunction) */
 238   1      
C51 COMPILER V9.51   PWM_MOTORS                                                            02/07/2017 16:12:11 PAGE 5   

 239   1          /* Globally disable the Fixed Function Block chosen */
 240   1          #if (PWM_MOTORS_UsingFixedFunction)
                      PWM_MOTORS_GLOBAL_ENABLE &= ((uint8)(~PWM_MOTORS_BLOCK_EN_MASK));
                      PWM_MOTORS_GLOBAL_STBY_ENABLE &= ((uint8)(~PWM_MOTORS_BLOCK_STBY_EN_MASK));
                  #endif /* (PWM_MOTORS_UsingFixedFunction) */
 244   1      }
 245          
 246          #if (PWM_MOTORS_UseOneCompareMode)
                  #if (PWM_MOTORS_CompareMode1SW)
              
              
                      /*******************************************************************************
                      * Function Name: PWM_MOTORS_SetCompareMode
                      ********************************************************************************
                      *
                      * Summary:
                      *  This function writes the Compare Mode for the pwm output when in Dither mode,
                      *  Center Align Mode or One Output Mode.
                      *
                      * Parameters:
                      *  comparemode:  The new compare mode for the PWM output. Use the compare types
                      *                defined in the H file as input arguments.
                      *
                      * Return:
                      *  None
                      *
                      *******************************************************************************/
                      void PWM_MOTORS_SetCompareMode(uint8 comparemode) 
                      {
                          #if(PWM_MOTORS_UsingFixedFunction)
              
                              #if(0 != PWM_MOTORS_CTRL_CMPMODE1_SHIFT)
                                  uint8 comparemodemasked = ((uint8)((uint8)comparemode << PWM_MOTORS_CTRL_CMPMODE1_SHIF
             -T));
                              #else
                                  uint8 comparemodemasked = comparemode;
                              #endif /* (0 != PWM_MOTORS_CTRL_CMPMODE1_SHIFT) */
              
                              PWM_MOTORS_CONTROL3 &= ((uint8)(~PWM_MOTORS_CTRL_CMPMODE1_MASK)); /*Clear Existing Data */
                              PWM_MOTORS_CONTROL3 |= comparemodemasked;
              
                          #elif (PWM_MOTORS_UseControl)
              
                              #if(0 != PWM_MOTORS_CTRL_CMPMODE1_SHIFT)
                                  uint8 comparemode1masked = ((uint8)((uint8)comparemode << PWM_MOTORS_CTRL_CMPMODE1_SHI
             -FT)) &
                                                              PWM_MOTORS_CTRL_CMPMODE1_MASK;
                              #else
                                  uint8 comparemode1masked = comparemode & PWM_MOTORS_CTRL_CMPMODE1_MASK;
                              #endif /* (0 != PWM_MOTORS_CTRL_CMPMODE1_SHIFT) */
              
                              #if(0 != PWM_MOTORS_CTRL_CMPMODE2_SHIFT)
                                  uint8 comparemode2masked = ((uint8)((uint8)comparemode << PWM_MOTORS_CTRL_CMPMODE2_SHI
             -FT)) &
                                                             PWM_MOTORS_CTRL_CMPMODE2_MASK;
                              #else
                                  uint8 comparemode2masked = comparemode & PWM_MOTORS_CTRL_CMPMODE2_MASK;
                              #endif /* (0 != PWM_MOTORS_CTRL_CMPMODE2_SHIFT) */
              
                              /*Clear existing mode */
                              PWM_MOTORS_CONTROL &= ((uint8)(~(PWM_MOTORS_CTRL_CMPMODE1_MASK |
                                                          PWM_MOTORS_CTRL_CMPMODE2_MASK)));
C51 COMPILER V9.51   PWM_MOTORS                                                            02/07/2017 16:12:11 PAGE 6   

                              PWM_MOTORS_CONTROL |= (comparemode1masked | comparemode2masked);
              
                          #else
                              uint8 temp = comparemode;
                          #endif /* (PWM_MOTORS_UsingFixedFunction) */
                      }
                  #endif /* PWM_MOTORS_CompareMode1SW */
              
              #else /* UseOneCompareMode */
 307          
 308              #if (PWM_MOTORS_CompareMode1SW)
              
              
                      /*******************************************************************************
                      * Function Name: PWM_MOTORS_SetCompareMode1
                      ********************************************************************************
                      *
                      * Summary:
                      *  This function writes the Compare Mode for the pwm or pwm1 output
                      *
                      * Parameters:
                      *  comparemode:  The new compare mode for the PWM output. Use the compare types
                      *                defined in the H file as input arguments.
                      *
                      * Return:
                      *  None
                      *
                      *******************************************************************************/
                      void PWM_MOTORS_SetCompareMode1(uint8 comparemode) 
                      {
                          #if(0 != PWM_MOTORS_CTRL_CMPMODE1_SHIFT)
                              uint8 comparemodemasked = ((uint8)((uint8)comparemode << PWM_MOTORS_CTRL_CMPMODE1_SHIFT)) 
             -&
                                                         PWM_MOTORS_CTRL_CMPMODE1_MASK;
                          #else
                              uint8 comparemodemasked = comparemode & PWM_MOTORS_CTRL_CMPMODE1_MASK;
                          #endif /* (0 != PWM_MOTORS_CTRL_CMPMODE1_SHIFT) */
              
                          #if (PWM_MOTORS_UseControl)
                              PWM_MOTORS_CONTROL &= ((uint8)(~PWM_MOTORS_CTRL_CMPMODE1_MASK)); /*Clear existing mode */
                              PWM_MOTORS_CONTROL |= comparemodemasked;
                          #endif /* (PWM_MOTORS_UseControl) */
                      }
                  #endif /* PWM_MOTORS_CompareMode1SW */
 341          
 342          #if (PWM_MOTORS_CompareMode2SW)
              
              
                  /*******************************************************************************
                  * Function Name: PWM_MOTORS_SetCompareMode2
                  ********************************************************************************
                  *
                  * Summary:
                  *  This function writes the Compare Mode for the pwm or pwm2 output
                  *
                  * Parameters:
                  *  comparemode:  The new compare mode for the PWM output. Use the compare types
                  *                defined in the H file as input arguments.
                  *
                  * Return:
                  *  None
                  *
C51 COMPILER V9.51   PWM_MOTORS                                                            02/07/2017 16:12:11 PAGE 7   

                  *******************************************************************************/
                  void PWM_MOTORS_SetCompareMode2(uint8 comparemode) 
                  {
              
                      #if(0 != PWM_MOTORS_CTRL_CMPMODE2_SHIFT)
                          uint8 comparemodemasked = ((uint8)((uint8)comparemode << PWM_MOTORS_CTRL_CMPMODE2_SHIFT)) &
                                                               PWM_MOTORS_CTRL_CMPMODE2_MASK;
                      #else
                          uint8 comparemodemasked = comparemode & PWM_MOTORS_CTRL_CMPMODE2_MASK;
                      #endif /* (0 != PWM_MOTORS_CTRL_CMPMODE2_SHIFT) */
              
                      #if (PWM_MOTORS_UseControl)
                          PWM_MOTORS_CONTROL &= ((uint8)(~PWM_MOTORS_CTRL_CMPMODE2_MASK)); /*Clear existing mode */
                          PWM_MOTORS_CONTROL |= comparemodemasked;
                      #endif /* (PWM_MOTORS_UseControl) */
                  }
                  #endif /*PWM_MOTORS_CompareMode2SW */
 376          
 377          #endif /* UseOneCompareMode */
 378          
 379          
 380          #if (!PWM_MOTORS_UsingFixedFunction)
 381          
 382          
 383              /*******************************************************************************
 384              * Function Name: PWM_MOTORS_WriteCounter
 385              ********************************************************************************
 386              *
 387              * Summary:
 388              *  Writes a new counter value directly to the counter register. This will be
 389              *  implemented for that currently running period and only that period. This API
 390              *  is valid only for UDB implementation and not available for fixed function
 391              *  PWM implementation.
 392              *
 393              * Parameters:
 394              *  counter:  The period new period counter value.
 395              *
 396              * Return:
 397              *  None
 398              *
 399              * Side Effects:
 400              *  The PWM Period will be reloaded when a counter value will be a zero
 401              *
 402              *******************************************************************************/
 403              void PWM_MOTORS_WriteCounter(uint8 counter) \
 404                                                 
 405              {
 406   1              CY_SET_REG8(PWM_MOTORS_COUNTER_LSB_PTR, counter);
 407   1          }
 408          
 409          
 410              /*******************************************************************************
 411              * Function Name: PWM_MOTORS_ReadCounter
 412              ********************************************************************************
 413              *
 414              * Summary:
 415              *  This function returns the current value of the counter.  It doesn't matter
 416              *  if the counter is enabled or running.
 417              *
 418              * Parameters:
 419              *  None
 420              *
C51 COMPILER V9.51   PWM_MOTORS                                                            02/07/2017 16:12:11 PAGE 8   

 421              * Return:
 422              *  The current value of the counter.
 423              *
 424              *******************************************************************************/
 425              uint8 PWM_MOTORS_ReadCounter(void) 
 426              {
 427   1              /* Force capture by reading Accumulator */
 428   1              /* Must first do a software capture to be able to read the counter */
 429   1              /* It is up to the user code to make sure there isn't already captured data in the FIFO */
 430   1                (void)CY_GET_REG8(PWM_MOTORS_COUNTERCAP_LSB_PTR_8BIT);
 431   1      
 432   1              /* Read the data from the FIFO */
 433   1              return (CY_GET_REG8(PWM_MOTORS_CAPTURE_LSB_PTR));
 434   1          }
 435          
 436              #if (PWM_MOTORS_UseStatus)
              
              
                      /*******************************************************************************
                      * Function Name: PWM_MOTORS_ClearFIFO
                      ********************************************************************************
                      *
                      * Summary:
                      *  This function clears all capture data from the capture FIFO
                      *
                      * Parameters:
                      *  None
                      *
                      * Return:
                      *  None
                      *
                      *******************************************************************************/
                      void PWM_MOTORS_ClearFIFO(void) 
                      {
                          while(0u != (PWM_MOTORS_ReadStatusRegister() & PWM_MOTORS_STATUS_FIFONEMPTY))
                          {
                              (void)PWM_MOTORS_ReadCapture();
                          }
                      }
              
                  #endif /* PWM_MOTORS_UseStatus */
 462          
 463          #endif /* !PWM_MOTORS_UsingFixedFunction */
 464          
 465          
 466          /*******************************************************************************
 467          * Function Name: PWM_MOTORS_WritePeriod
 468          ********************************************************************************
 469          *
 470          * Summary:
 471          *  This function is used to change the period of the counter.  The new period
 472          *  will be loaded the next time terminal count is detected.
 473          *
 474          * Parameters:
 475          *  period:  Period value. May be between 1 and (2^Resolution)-1.  A value of 0
 476          *           will result in the counter remaining at zero.
 477          *
 478          * Return:
 479          *  None
 480          *
 481          *******************************************************************************/
 482          void PWM_MOTORS_WritePeriod(uint8 period) 
C51 COMPILER V9.51   PWM_MOTORS                                                            02/07/2017 16:12:11 PAGE 9   

 483          {
 484   1          #if(PWM_MOTORS_UsingFixedFunction)
                      CY_SET_REG16(PWM_MOTORS_PERIOD_LSB_PTR, (uint16)period);
                  #else
 487   1              CY_SET_REG8(PWM_MOTORS_PERIOD_LSB_PTR, period);
 488   1          #endif /* (PWM_MOTORS_UsingFixedFunction) */
 489   1      }
 490          
 491          #if (PWM_MOTORS_UseOneCompareMode)
              
              
                  /*******************************************************************************
                  * Function Name: PWM_MOTORS_WriteCompare
                  ********************************************************************************
                  *
                  * Summary:
                  *  This funtion is used to change the compare1 value when the PWM is in Dither
                  *  mode. The compare output will reflect the new value on the next UDB clock.
                  *  The compare output will be driven high when the present counter value is
                  *  compared to the compare value based on the compare mode defined in
                  *  Dither Mode.
                  *
                  * Parameters:
                  *  compare:  New compare value.
                  *
                  * Return:
                  *  None
                  *
                  * Side Effects:
                  *  This function is only available if the PWM mode parameter is set to
                  *  Dither Mode, Center Aligned Mode or One Output Mode
                  *
                  *******************************************************************************/
                  void PWM_MOTORS_WriteCompare(uint8 compare) \
                                                     
                  {
                      #if(PWM_MOTORS_UsingFixedFunction)
                          CY_SET_REG16(PWM_MOTORS_COMPARE1_LSB_PTR, (uint16)compare);
                      #else
                          CY_SET_REG8(PWM_MOTORS_COMPARE1_LSB_PTR, compare);
                      #endif /* (PWM_MOTORS_UsingFixedFunction) */
              
                      #if (PWM_MOTORS_PWMMode == PWM_MOTORS__B_PWM__DITHER)
                          #if(PWM_MOTORS_UsingFixedFunction)
                              CY_SET_REG16(PWM_MOTORS_COMPARE2_LSB_PTR, (uint16)(compare + 1u));
                          #else
                              CY_SET_REG8(PWM_MOTORS_COMPARE2_LSB_PTR, (compare + 1u));
                          #endif /* (PWM_MOTORS_UsingFixedFunction) */
                      #endif /* (PWM_MOTORS_PWMMode == PWM_MOTORS__B_PWM__DITHER) */
                  }
              
              
              #else
 536          
 537          
 538              /*******************************************************************************
 539              * Function Name: PWM_MOTORS_WriteCompare1
 540              ********************************************************************************
 541              *
 542              * Summary:
 543              *  This funtion is used to change the compare1 value.  The compare output will
 544              *  reflect the new value on the next UDB clock.  The compare output will be
C51 COMPILER V9.51   PWM_MOTORS                                                            02/07/2017 16:12:11 PAGE 10  

 545              *  driven high when the present counter value is less than or less than or
 546              *  equal to the compare register, depending on the mode.
 547              *
 548              * Parameters:
 549              *  compare:  New compare value.
 550              *
 551              * Return:
 552              *  None
 553              *
 554              *******************************************************************************/
 555              void PWM_MOTORS_WriteCompare1(uint8 compare) \
 556                                                  
 557              {
 558   1              #if(PWM_MOTORS_UsingFixedFunction)
                          CY_SET_REG16(PWM_MOTORS_COMPARE1_LSB_PTR, (uint16)compare);
                      #else
 561   1                  CY_SET_REG8(PWM_MOTORS_COMPARE1_LSB_PTR, compare);
 562   1              #endif /* (PWM_MOTORS_UsingFixedFunction) */
 563   1          }
 564          
 565          
 566              /*******************************************************************************
 567              * Function Name: PWM_MOTORS_WriteCompare2
 568              ********************************************************************************
 569              *
 570              * Summary:
 571              *  This funtion is used to change the compare value, for compare1 output.
 572              *  The compare output will reflect the new value on the next UDB clock.
 573              *  The compare output will be driven high when the present counter value is
 574              *  less than or less than or equal to the compare register, depending on the
 575              *  mode.
 576              *
 577              * Parameters:
 578              *  compare:  New compare value.
 579              *
 580              * Return:
 581              *  None
 582              *
 583              *******************************************************************************/
 584              void PWM_MOTORS_WriteCompare2(uint8 compare) \
 585                                                  
 586              {
 587   1              #if(PWM_MOTORS_UsingFixedFunction)
                          CY_SET_REG16(PWM_MOTORS_COMPARE2_LSB_PTR, compare);
                      #else
 590   1                  CY_SET_REG8(PWM_MOTORS_COMPARE2_LSB_PTR, compare);
 591   1              #endif /* (PWM_MOTORS_UsingFixedFunction) */
 592   1          }
 593          #endif /* UseOneCompareMode */
 594          
 595          #if (PWM_MOTORS_DeadBandUsed)
              
              
                  /*******************************************************************************
                  * Function Name: PWM_MOTORS_WriteDeadTime
                  ********************************************************************************
                  *
                  * Summary:
                  *  This function writes the dead-band counts to the corresponding register
                  *
                  * Parameters:
                  *  deadtime:  Number of counts for dead time
C51 COMPILER V9.51   PWM_MOTORS                                                            02/07/2017 16:12:11 PAGE 11  

                  *
                  * Return:
                  *  None
                  *
                  *******************************************************************************/
                  void PWM_MOTORS_WriteDeadTime(uint8 deadtime) 
                  {
                      /* If using the Dead Band 1-255 mode then just write the register */
                      #if(!PWM_MOTORS_DeadBand2_4)
                          CY_SET_REG8(PWM_MOTORS_DEADBAND_COUNT_PTR, deadtime);
                      #else
                          /* Otherwise the data has to be masked and offset */
                          /* Clear existing data */
                          PWM_MOTORS_DEADBAND_COUNT &= ((uint8)(~PWM_MOTORS_DEADBAND_COUNT_MASK));
              
                          /* Set new dead time */
                          #if(PWM_MOTORS_DEADBAND_COUNT_SHIFT)
                              PWM_MOTORS_DEADBAND_COUNT |= ((uint8)((uint8)deadtime << PWM_MOTORS_DEADBAND_COUNT_SHIFT))
             - &
                                                                  PWM_MOTORS_DEADBAND_COUNT_MASK;
                          #else
                              PWM_MOTORS_DEADBAND_COUNT |= deadtime & PWM_MOTORS_DEADBAND_COUNT_MASK;
                          #endif /* (PWM_MOTORS_DEADBAND_COUNT_SHIFT) */
              
                      #endif /* (!PWM_MOTORS_DeadBand2_4) */
                  }
              
              
                  /*******************************************************************************
                  * Function Name: PWM_MOTORS_ReadDeadTime
                  ********************************************************************************
                  *
                  * Summary:
                  *  This function reads the dead-band counts from the corresponding register
                  *
                  * Parameters:
                  *  None
                  *
                  * Return:
                  *  Dead Band Counts
                  *
                  *******************************************************************************/
                  uint8 PWM_MOTORS_ReadDeadTime(void) 
                  {
                      /* If using the Dead Band 1-255 mode then just read the register */
                      #if(!PWM_MOTORS_DeadBand2_4)
                          return (CY_GET_REG8(PWM_MOTORS_DEADBAND_COUNT_PTR));
                      #else
              
                          /* Otherwise the data has to be masked and offset */
                          #if(PWM_MOTORS_DEADBAND_COUNT_SHIFT)
                              return ((uint8)(((uint8)(PWM_MOTORS_DEADBAND_COUNT & PWM_MOTORS_DEADBAND_COUNT_MASK)) >>
                                                                                         PWM_MOTORS_DEADBAND_COUNT_SHIFT
             -));
                          #else
                              return (PWM_MOTORS_DEADBAND_COUNT & PWM_MOTORS_DEADBAND_COUNT_MASK);
                          #endif /* (PWM_MOTORS_DEADBAND_COUNT_SHIFT) */
                      #endif /* (!PWM_MOTORS_DeadBand2_4) */
                  }
              #endif /* DeadBandUsed */
 665          
 666          #if (PWM_MOTORS_UseStatus || PWM_MOTORS_UsingFixedFunction)
C51 COMPILER V9.51   PWM_MOTORS                                                            02/07/2017 16:12:11 PAGE 12  

              
              
                  /*******************************************************************************
                  * Function Name: PWM_MOTORS_SetInterruptMode
                  ********************************************************************************
                  *
                  * Summary:
                  *  This function configures the interrupts mask control of theinterrupt
                  *  source status register.
                  *
                  * Parameters:
                  *  uint8 interruptMode: Bit field containing the interrupt sources enabled
                  *
                  * Return:
                  *  None
                  *
                  *******************************************************************************/
                  void PWM_MOTORS_SetInterruptMode(uint8 interruptMode) 
                  {
                      CY_SET_REG8(PWM_MOTORS_STATUS_MASK_PTR, interruptMode);
                  }
              
              
                  /*******************************************************************************
                  * Function Name: PWM_MOTORS_ReadStatusRegister
                  ********************************************************************************
                  *
                  * Summary:
                  *  This function returns the current state of the status register.
                  *
                  * Parameters:
                  *  None
                  *
                  * Return:
                  *  uint8 : Current status register value. The status register bits are:
                  *  [7:6] : Unused(0)
                  *  [5]   : Kill event output
                  *  [4]   : FIFO not empty
                  *  [3]   : FIFO full
                  *  [2]   : Terminal count
                  *  [1]   : Compare output 2
                  *  [0]   : Compare output 1
                  *
                  *******************************************************************************/
                  uint8 PWM_MOTORS_ReadStatusRegister(void) 
                  {
                      return (CY_GET_REG8(PWM_MOTORS_STATUS_PTR));
                  }
              
              #endif /* (PWM_MOTORS_UseStatus || PWM_MOTORS_UsingFixedFunction) */
 717          
 718          
 719          #if (PWM_MOTORS_UseControl)
 720          
 721          
 722              /*******************************************************************************
 723              * Function Name: PWM_MOTORS_ReadControlRegister
 724              ********************************************************************************
 725              *
 726              * Summary:
 727              *  Returns the current state of the control register. This API is available
 728              *  only if the control register is not removed.
C51 COMPILER V9.51   PWM_MOTORS                                                            02/07/2017 16:12:11 PAGE 13  

 729              *
 730              * Parameters:
 731              *  None
 732              *
 733              * Return:
 734              *  uint8 : Current control register value
 735              *
 736              *******************************************************************************/
 737              uint8 PWM_MOTORS_ReadControlRegister(void) 
 738              {
 739   1              uint8 result;
 740   1      
 741   1              result = CY_GET_REG8(PWM_MOTORS_CONTROL_PTR);
 742   1              return (result);
 743   1          }
 744          
 745          
 746              /*******************************************************************************
 747              * Function Name: PWM_MOTORS_WriteControlRegister
 748              ********************************************************************************
 749              *
 750              * Summary:
 751              *  Sets the bit field of the control register. This API is available only if
 752              *  the control register is not removed.
 753              *
 754              * Parameters:
 755              *  uint8 control: Control register bit field, The status register bits are:
 756              *  [7]   : PWM Enable
 757              *  [6]   : Reset
 758              *  [5:3] : Compare Mode2
 759              *  [2:0] : Compare Mode2
 760              *
 761              * Return:
 762              *  None
 763              *
 764              *******************************************************************************/
 765              void PWM_MOTORS_WriteControlRegister(uint8 control) 
 766              {
 767   1              CY_SET_REG8(PWM_MOTORS_CONTROL_PTR, control);
 768   1          }
 769          
 770          #endif /* (PWM_MOTORS_UseControl) */
 771          
 772          
 773          #if (!PWM_MOTORS_UsingFixedFunction)
 774          
 775          
 776              /*******************************************************************************
 777              * Function Name: PWM_MOTORS_ReadCapture
 778              ********************************************************************************
 779              *
 780              * Summary:
 781              *  Reads the capture value from the capture FIFO.
 782              *
 783              * Parameters:
 784              *  None
 785              *
 786              * Return:
 787              *  uint8/uint16: The current capture value
 788              *
 789              *******************************************************************************/
 790              uint8 PWM_MOTORS_ReadCapture(void) 
C51 COMPILER V9.51   PWM_MOTORS                                                            02/07/2017 16:12:11 PAGE 14  

 791              {
 792   1              return (CY_GET_REG8(PWM_MOTORS_CAPTURE_LSB_PTR));
 793   1          }
 794          
 795          #endif /* (!PWM_MOTORS_UsingFixedFunction) */
 796          
 797          
 798          #if (PWM_MOTORS_UseOneCompareMode)
              
              
                  /*******************************************************************************
                  * Function Name: PWM_MOTORS_ReadCompare
                  ********************************************************************************
                  *
                  * Summary:
                  *  Reads the compare value for the compare output when the PWM Mode parameter is
                  *  set to Dither mode, Center Aligned mode, or One Output mode.
                  *
                  * Parameters:
                  *  None
                  *
                  * Return:
                  *  uint8/uint16: Current compare value
                  *
                  *******************************************************************************/
                  uint8 PWM_MOTORS_ReadCompare(void) 
                  {
                      #if(PWM_MOTORS_UsingFixedFunction)
                          return ((uint8)CY_GET_REG16(PWM_MOTORS_COMPARE1_LSB_PTR));
                      #else
                          return (CY_GET_REG8(PWM_MOTORS_COMPARE1_LSB_PTR));
                      #endif /* (PWM_MOTORS_UsingFixedFunction) */
                  }
              
              #else
 826          
 827          
 828              /*******************************************************************************
 829              * Function Name: PWM_MOTORS_ReadCompare1
 830              ********************************************************************************
 831              *
 832              * Summary:
 833              *  Reads the compare value for the compare1 output.
 834              *
 835              * Parameters:
 836              *  None
 837              *
 838              * Return:
 839              *  uint8/uint16: Current compare value.
 840              *
 841              *******************************************************************************/
 842              uint8 PWM_MOTORS_ReadCompare1(void) 
 843              {
 844   1              return (CY_GET_REG8(PWM_MOTORS_COMPARE1_LSB_PTR));
 845   1          }
 846          
 847          
 848              /*******************************************************************************
 849              * Function Name: PWM_MOTORS_ReadCompare2
 850              ********************************************************************************
 851              *
 852              * Summary:
C51 COMPILER V9.51   PWM_MOTORS                                                            02/07/2017 16:12:11 PAGE 15  

 853              *  Reads the compare value for the compare2 output.
 854              *
 855              * Parameters:
 856              *  None
 857              *
 858              * Return:
 859              *  uint8/uint16: Current compare value.
 860              *
 861              *******************************************************************************/
 862              uint8 PWM_MOTORS_ReadCompare2(void) 
 863              {
 864   1              return (CY_GET_REG8(PWM_MOTORS_COMPARE2_LSB_PTR));
 865   1          }
 866          
 867          #endif /* (PWM_MOTORS_UseOneCompareMode) */
 868          
 869          
 870          /*******************************************************************************
 871          * Function Name: PWM_MOTORS_ReadPeriod
 872          ********************************************************************************
 873          *
 874          * Summary:
 875          *  Reads the period value used by the PWM hardware.
 876          *
 877          * Parameters:
 878          *  None
 879          *
 880          * Return:
 881          *  uint8/16: Period value
 882          *
 883          *******************************************************************************/
 884          uint8 PWM_MOTORS_ReadPeriod(void) 
 885          {
 886   1          #if(PWM_MOTORS_UsingFixedFunction)
                      return ((uint8)CY_GET_REG16(PWM_MOTORS_PERIOD_LSB_PTR));
                  #else
 889   1              return (CY_GET_REG8(PWM_MOTORS_PERIOD_LSB_PTR));
 890   1          #endif /* (PWM_MOTORS_UsingFixedFunction) */
 891   1      }
 892          
 893          #if ( PWM_MOTORS_KillModeMinTime)
              
              
                  /*******************************************************************************
                  * Function Name: PWM_MOTORS_WriteKillTime
                  ********************************************************************************
                  *
                  * Summary:
                  *  Writes the kill time value used by the hardware when the Kill Mode
                  *  is set to Minimum Time.
                  *
                  * Parameters:
                  *  uint8: Minimum Time kill counts
                  *
                  * Return:
                  *  None
                  *
                  *******************************************************************************/
                  void PWM_MOTORS_WriteKillTime(uint8 killtime) 
                  {
                      CY_SET_REG8(PWM_MOTORS_KILLMODEMINTIME_PTR, killtime);
                  }
C51 COMPILER V9.51   PWM_MOTORS                                                            02/07/2017 16:12:11 PAGE 16  

              
              
                  /*******************************************************************************
                  * Function Name: PWM_MOTORS_ReadKillTime
                  ********************************************************************************
                  *
                  * Summary:
                  *  Reads the kill time value used by the hardware when the Kill Mode is set
                  *  to Minimum Time.
                  *
                  * Parameters:
                  *  None
                  *
                  * Return:
                  *  uint8: The current Minimum Time kill counts
                  *
                  *******************************************************************************/
                  uint8 PWM_MOTORS_ReadKillTime(void) 
                  {
                      return (CY_GET_REG8(PWM_MOTORS_KILLMODEMINTIME_PTR));
                  }
              
              #endif /* ( PWM_MOTORS_KillModeMinTime) */
 938          
 939          /* [] END OF FILE */
C51 COMPILER V9.51   PWM_MOTORS                                                            02/07/2017 16:12:11 PAGE 17  

ASSEMBLY LISTING OF GENERATED OBJECT CODE


             ; FUNCTION PWM_MOTORS_Start (BEGIN)
                                           ; SOURCE LINE # 55
                                           ; SOURCE LINE # 56
                                           ; SOURCE LINE # 58
0000 900000      R     MOV     DPTR,#PWM_MOTORS_initVar
0003 E0                MOVX    A,@DPTR
0004 7009              JNZ     ?C0001
                                           ; SOURCE LINE # 59
                                           ; SOURCE LINE # 60
0006 120000      R     LCALL   PWM_MOTORS_Init
                                           ; SOURCE LINE # 61
0009 900000      R     MOV     DPTR,#PWM_MOTORS_initVar
000C 7401              MOV     A,#01H
000E F0                MOVX    @DPTR,A
                                           ; SOURCE LINE # 62
000F         ?C0001:
                                           ; SOURCE LINE # 63
000F 120000      R     LCALL   PWM_MOTORS_Enable
                                           ; SOURCE LINE # 65
0012 22                RET     
             ; FUNCTION PWM_MOTORS_Start (END)

             ; FUNCTION PWM_MOTORS_Init (BEGIN)
                                           ; SOURCE LINE # 84
                                           ; SOURCE LINE # 85
                                           ; SOURCE LINE # 118
0000 906479            MOV     DPTR,#06479H
0003 E0                MOVX    A,@DPTR
0004 54C0              ANL     A,#0C0H
0006 FF                MOV     R7,A
;---- Variable 'ctrl' assigned to Register 'R7' ----
                                           ; SOURCE LINE # 120
0007 4412              ORL     A,#012H
0009 F0                MOVX    @DPTR,A
                                           ; SOURCE LINE # 126
000A 906499            MOV     DPTR,#06499H
000D E0                MOVX    A,@DPTR
000E 4401              ORL     A,#01H
0010 F0                MOVX    @DPTR,A
                                           ; SOURCE LINE # 133
0011 7F64              MOV     R7,#064H
0013 120000      R     LCALL   _PWM_MOTORS_WriteCounter
                                           ; SOURCE LINE # 136
0016 7F64              MOV     R7,#064H
0018 120000      R     LCALL   _PWM_MOTORS_WritePeriod
                                           ; SOURCE LINE # 141
001B E4                CLR     A
001C FF                MOV     R7,A
001D 120000      R     LCALL   _PWM_MOTORS_WriteCompare1
                                           ; SOURCE LINE # 142
0020 E4                CLR     A
0021 FF                MOV     R7,A
0022 120000      R     LCALL   _PWM_MOTORS_WriteCompare2
                                           ; SOURCE LINE # 179
0025 22                RET     
             ; FUNCTION PWM_MOTORS_Init (END)

             ; FUNCTION PWM_MOTORS_Enable (BEGIN)
                                           ; SOURCE LINE # 199
C51 COMPILER V9.51   PWM_MOTORS                                                            02/07/2017 16:12:11 PAGE 18  

                                           ; SOURCE LINE # 200
                                           ; SOURCE LINE # 209
0000 906479            MOV     DPTR,#06479H
0003 E0                MOVX    A,@DPTR
0004 4480              ORL     A,#080H
0006 F0                MOVX    @DPTR,A
                                           ; SOURCE LINE # 211
0007 22                RET     
             ; FUNCTION PWM_MOTORS_Enable (END)

             ; FUNCTION PWM_MOTORS_Stop (BEGIN)
                                           ; SOURCE LINE # 233
                                           ; SOURCE LINE # 234
                                           ; SOURCE LINE # 236
0000 906479            MOV     DPTR,#06479H
0003 E0                MOVX    A,@DPTR
0004 547F              ANL     A,#07FH
0006 F0                MOVX    @DPTR,A
                                           ; SOURCE LINE # 244
0007 22                RET     
             ; FUNCTION PWM_MOTORS_Stop (END)

             ; FUNCTION _PWM_MOTORS_WriteCounter (BEGIN)
                                           ; SOURCE LINE # 403
;---- Variable 'counter' assigned to Register 'R7' ----
                                           ; SOURCE LINE # 405
                                           ; SOURCE LINE # 406
0000 906409            MOV     DPTR,#06409H
0003 EF                MOV     A,R7
0004 F0                MOVX    @DPTR,A
                                           ; SOURCE LINE # 407
0005 22                RET     
             ; FUNCTION _PWM_MOTORS_WriteCounter (END)

             ; FUNCTION PWM_MOTORS_ReadCounter (BEGIN)
                                           ; SOURCE LINE # 425
                                           ; SOURCE LINE # 426
                                           ; SOURCE LINE # 430
0000 906419            MOV     DPTR,#06419H
0003 E0                MOVX    A,@DPTR
0004 FF                MOV     R7,A
                                           ; SOURCE LINE # 433
0005 906459            MOV     DPTR,#06459H
0008 E0                MOVX    A,@DPTR
0009 FF                MOV     R7,A
                                           ; SOURCE LINE # 434
000A         ?C0007:
000A 22                RET     
             ; FUNCTION PWM_MOTORS_ReadCounter (END)

             ; FUNCTION _PWM_MOTORS_WritePeriod (BEGIN)
                                           ; SOURCE LINE # 482
;---- Variable 'period' assigned to Register 'R7' ----
                                           ; SOURCE LINE # 483
                                           ; SOURCE LINE # 487
0000 906449            MOV     DPTR,#06449H
0003 EF                MOV     A,R7
0004 F0                MOVX    @DPTR,A
                                           ; SOURCE LINE # 489
0005 22                RET     
             ; FUNCTION _PWM_MOTORS_WritePeriod (END)

C51 COMPILER V9.51   PWM_MOTORS                                                            02/07/2017 16:12:11 PAGE 19  

             ; FUNCTION _PWM_MOTORS_WriteCompare1 (BEGIN)
                                           ; SOURCE LINE # 555
;---- Variable 'compare' assigned to Register 'R7' ----
                                           ; SOURCE LINE # 557
                                           ; SOURCE LINE # 561
0000 906429            MOV     DPTR,#06429H
0003 EF                MOV     A,R7
0004 F0                MOVX    @DPTR,A
                                           ; SOURCE LINE # 563
0005 22                RET     
             ; FUNCTION _PWM_MOTORS_WriteCompare1 (END)

             ; FUNCTION _PWM_MOTORS_WriteCompare2 (BEGIN)
                                           ; SOURCE LINE # 584
;---- Variable 'compare' assigned to Register 'R7' ----
                                           ; SOURCE LINE # 586
                                           ; SOURCE LINE # 590
0000 906439            MOV     DPTR,#06439H
0003 EF                MOV     A,R7
0004 F0                MOVX    @DPTR,A
                                           ; SOURCE LINE # 592
0005 22                RET     
             ; FUNCTION _PWM_MOTORS_WriteCompare2 (END)

             ; FUNCTION PWM_MOTORS_ReadControlRegister (BEGIN)
                                           ; SOURCE LINE # 737
                                           ; SOURCE LINE # 738
                                           ; SOURCE LINE # 741
0000 906479            MOV     DPTR,#06479H
0003 E0                MOVX    A,@DPTR
0004 FF                MOV     R7,A
;---- Variable 'result' assigned to Register 'R7' ----
                                           ; SOURCE LINE # 742
                                           ; SOURCE LINE # 743
0005         ?C0011:
0005 22                RET     
             ; FUNCTION PWM_MOTORS_ReadControlRegister (END)

             ; FUNCTION _PWM_MOTORS_WriteControlRegister (BEGIN)
                                           ; SOURCE LINE # 765
;---- Variable 'control' assigned to Register 'R7' ----
                                           ; SOURCE LINE # 766
                                           ; SOURCE LINE # 767
0000 906479            MOV     DPTR,#06479H
0003 EF                MOV     A,R7
0004 F0                MOVX    @DPTR,A
                                           ; SOURCE LINE # 768
0005 22                RET     
             ; FUNCTION _PWM_MOTORS_WriteControlRegister (END)

             ; FUNCTION PWM_MOTORS_ReadCapture (BEGIN)
                                           ; SOURCE LINE # 790
                                           ; SOURCE LINE # 791
                                           ; SOURCE LINE # 792
0000 906459            MOV     DPTR,#06459H
0003 E0                MOVX    A,@DPTR
0004 FF                MOV     R7,A
                                           ; SOURCE LINE # 793
0005         ?C0013:
0005 22                RET     
             ; FUNCTION PWM_MOTORS_ReadCapture (END)

C51 COMPILER V9.51   PWM_MOTORS                                                            02/07/2017 16:12:11 PAGE 20  

             ; FUNCTION PWM_MOTORS_ReadCompare1 (BEGIN)
                                           ; SOURCE LINE # 842
                                           ; SOURCE LINE # 843
                                           ; SOURCE LINE # 844
0000 906429            MOV     DPTR,#06429H
0003 E0                MOVX    A,@DPTR
0004 FF                MOV     R7,A
                                           ; SOURCE LINE # 845
0005         ?C0014:
0005 22                RET     
             ; FUNCTION PWM_MOTORS_ReadCompare1 (END)

             ; FUNCTION PWM_MOTORS_ReadCompare2 (BEGIN)
                                           ; SOURCE LINE # 862
                                           ; SOURCE LINE # 863
                                           ; SOURCE LINE # 864
0000 906439            MOV     DPTR,#06439H
0003 E0                MOVX    A,@DPTR
0004 FF                MOV     R7,A
                                           ; SOURCE LINE # 865
0005         ?C0015:
0005 22                RET     
             ; FUNCTION PWM_MOTORS_ReadCompare2 (END)

             ; FUNCTION PWM_MOTORS_ReadPeriod (BEGIN)
                                           ; SOURCE LINE # 884
                                           ; SOURCE LINE # 885
                                           ; SOURCE LINE # 889
0000 906449            MOV     DPTR,#06449H
0003 E0                MOVX    A,@DPTR
0004 FF                MOV     R7,A
                                           ; SOURCE LINE # 891
0005         ?C0016:
0005 22                RET     
             ; FUNCTION PWM_MOTORS_ReadPeriod (END)



MODULE INFORMATION:   STATIC OVERLAYABLE
   CODE SIZE        =    144    ----
   CONSTANT SIZE    =   ----    ----
   XDATA SIZE       =      1    ----
   PDATA SIZE       =   ----    ----
   DATA SIZE        =   ----    ----
   IDATA SIZE       =   ----    ----
   BIT SIZE         =   ----    ----
   EDATA SIZE       =   ----    ----
   HDATA SIZE       =   ----    ----
   XDATA CONST SIZE =   ----    ----
   FAR CONST SIZE   =   ----    ----
END OF MODULE INFORMATION.


C51 COMPILATION COMPLETE.  0 WARNING(S),  0 ERROR(S)
