--------------- Rebuild Started: 02/07/2017 17:16:43 Project: firmware, Configuration: DP8051 Keil 9.51 Release ---------------
Deleting file ".\firmware.cycdx"
Deleting file ".\firmware.svd"
Deleting file ".\firmware.rpt"
Deleting file ".\firmware_timing.html"
cydsfit.exe -.appdatapath "C:\Users\MattiaCP\AppData\Local\Cypress Semiconductor\PSoC Creator\3.3" -.fdsnotice -.fdswarpdepfile=warp_dependencies.txt -.fdselabdepfile=elab_dependencies.txt -.fdsbldfile=generated_files.txt -p C:\Users\MattiaCP\Documents\GITHUB\SoftHand2\firmware.cydsn\firmware.cyprj -d CY8C3246PVI-147 -s C:\Users\MattiaCP\Documents\GITHUB\SoftHand2\firmware.cydsn\Generated_Source\PSoC3 -- -yv2 -q10 -ygs -o2 -v3 -.fftcfgtype=BE
Elaborating Design...
HDL Generation ...
Synthesis ...
Place and Route ...
Tech mapping ...
Analog Placement ...
Info: apr.M0002: Analog signal "\ADC:Net_35\" is connected to one terminal only. (App=cydsfit)
Analog Routing ...
Analog Code Generation ...
Digital Placement ...
Digital Routing ...
Bitstream Generation ...
Static timing analysis ...
API Generation ...
Dependency Generation ...
Clean Temporary Files ...
The compile step is up to date, no work needs to be done.
Creating library C:\Users\MattiaCP\Documents\GITHUB\SoftHand2\firmware.cydsn\DP8051_Keil_951\Release\firmware.lib
LX51.exe '.\DP8051_Keil_951\Release\firmware.lib', 'C:\Program Files (x86)\Cypress\PSoC Creator\3.3\PSoC Creator\psoc\content\cycomponentlibrary\CyComponentLibrary.cylib\DP8051\DP8051_Keil_951\Release\CyComponentLibrary.lib' TO '.\DP8051_Keil_951\Release\firmware.omf' CODE RU RC(10) DW(16) WL(2) PR(.\DP8051_Keil_951\Release/firmware.map) IX CL(XDATA(X:0x0000-X:0x1FFF)) CL(CODE(C:0x2600-C:0xFFBF)) CL(CONST(C:0x2600-C:0xFFBF))
*** ERROR L210: I/O ERROR ON INPUT FILE:
    EXCEPTION 0021H: PATH OR FILE NOT FOUND
    FILE: .\DP8051_Keil_951\Release\firmware.lib
The command 'LX51.exe' failed with exit code '3'.
--------------- Rebuild Failed: 02/07/2017 17:17:01 ---------------
