C51 COMPILER V9.51   UART_RS485_PM                                                         02/07/2017 16:12:10 PAGE 1   


C51 COMPILER V9.51, COMPILATION OF MODULE UART_RS485_PM
OBJECT MODULE PLACED IN .\DP8051_Keil_951\Release\UART_RS485_PM.obj
COMPILER INVOKED BY: C:\Program Files (x86)\Cypress\PSoC Creator\4.0\PSoC Creator\import\keil\pk51\9.51\C51\BIN\c51.exe 
                    -Generated_Source\PSoC3\UART_RS485_PM.c NOIV LARGE MODDP2 OMF2 VB(1) NOIP INCDIR(.,Generated_Source\PSoC3) FF(3) DB DF(ND
                    -EBUG) WL(2) PR(.\DP8051_Keil_951\Release/UART_RS485_PM.lst) CD OT(8,SPEED) OJ(.\DP8051_Keil_951\Release\UART_RS485_PM.ob
                    -j)

line level    source

*** MESSAGE C286 IN LINE 0 OF (null): license limits optimization to level 5
   1          /*******************************************************************************
   2          * File Name: UART_RS485_PM.c
   3          * Version 2.50
   4          *
   5          * Description:
   6          *  This file provides Sleep/WakeUp APIs functionality.
   7          *
   8          * Note:
   9          *
  10          ********************************************************************************
  11          * Copyright 2008-2015, Cypress Semiconductor Corporation.  All rights reserved.
  12          * You may use this file only in accordance with the license, terms, conditions,
  13          * disclaimers, and limitations in the end user license agreement accompanying
  14          * the software package with which this file was provided.
  15          *******************************************************************************/
  16          
  17          #include "UART_RS485.h"
  18          
  19          
  20          /***************************************
  21          * Local data allocation
  22          ***************************************/
  23          
  24          static UART_RS485_BACKUP_STRUCT  UART_RS485_backup =
  25          {
  26              /* enableState - disabled */
  27              0u,
  28          };
  29          
  30          
  31          
  32          /*******************************************************************************
  33          * Function Name: UART_RS485_SaveConfig
  34          ********************************************************************************
  35          *
  36          * Summary:
  37          *  This function saves the component nonretention control register.
  38          *  Does not save the FIFO which is a set of nonretention registers.
  39          *  This function is called by the UART_RS485_Sleep() function.
  40          *
  41          * Parameters:
  42          *  None.
  43          *
  44          * Return:
  45          *  None.
  46          *
  47          * Global Variables:
  48          *  UART_RS485_backup - modified when non-retention registers are saved.
  49          *
  50          * Reentrant:
  51          *  No.
C51 COMPILER V9.51   UART_RS485_PM                                                         02/07/2017 16:12:10 PAGE 2   

  52          *
  53          *******************************************************************************/
  54          void UART_RS485_SaveConfig(void)
  55          {
  56   1          #if(UART_RS485_CONTROL_REG_REMOVED == 0u)
                      UART_RS485_backup.cr = UART_RS485_CONTROL_REG;
                  #endif /* End UART_RS485_CONTROL_REG_REMOVED */
  59   1      }
  60          
  61          
  62          /*******************************************************************************
  63          * Function Name: UART_RS485_RestoreConfig
  64          ********************************************************************************
  65          *
  66          * Summary:
  67          *  Restores the nonretention control register except FIFO.
  68          *  Does not restore the FIFO which is a set of nonretention registers.
  69          *
  70          * Parameters:
  71          *  None.
  72          *
  73          * Return:
  74          *  None.
  75          *
  76          * Global Variables:
  77          *  UART_RS485_backup - used when non-retention registers are restored.
  78          *
  79          * Reentrant:
  80          *  No.
  81          *
  82          * Notes:
  83          *  If this function is called without calling UART_RS485_SaveConfig() 
  84          *  first, the data loaded may be incorrect.
  85          *
  86          *******************************************************************************/
  87          void UART_RS485_RestoreConfig(void)
  88          {
  89   1          #if(UART_RS485_CONTROL_REG_REMOVED == 0u)
                      UART_RS485_CONTROL_REG = UART_RS485_backup.cr;
                  #endif /* End UART_RS485_CONTROL_REG_REMOVED */
  92   1      }
  93          
  94          
  95          /*******************************************************************************
  96          * Function Name: UART_RS485_Sleep
  97          ********************************************************************************
  98          *
  99          * Summary:
 100          *  This is the preferred API to prepare the component for sleep. 
 101          *  The UART_RS485_Sleep() API saves the current component state. Then it
 102          *  calls the UART_RS485_Stop() function and calls 
 103          *  UART_RS485_SaveConfig() to save the hardware configuration.
 104          *  Call the UART_RS485_Sleep() function before calling the CyPmSleep() 
 105          *  or the CyPmHibernate() function. 
 106          *
 107          * Parameters:
 108          *  None.
 109          *
 110          * Return:
 111          *  None.
 112          *
 113          * Global Variables:
C51 COMPILER V9.51   UART_RS485_PM                                                         02/07/2017 16:12:10 PAGE 3   

 114          *  UART_RS485_backup - modified when non-retention registers are saved.
 115          *
 116          * Reentrant:
 117          *  No.
 118          *
 119          *******************************************************************************/
 120          void UART_RS485_Sleep(void)
 121          {
 122   1          #if(UART_RS485_RX_ENABLED || UART_RS485_HD_ENABLED)
 123   1              if((UART_RS485_RXSTATUS_ACTL_REG  & UART_RS485_INT_ENABLE) != 0u)
 124   1              {
 125   2                  UART_RS485_backup.enableState = 1u;
 126   2              }
 127   1              else
 128   1              {
 129   2                  UART_RS485_backup.enableState = 0u;
 130   2              }
 131   1          #else
                      if((UART_RS485_TXSTATUS_ACTL_REG  & UART_RS485_INT_ENABLE) !=0u)
                      {
                          UART_RS485_backup.enableState = 1u;
                      }
                      else
                      {
                          UART_RS485_backup.enableState = 0u;
                      }
                  #endif /* End UART_RS485_RX_ENABLED || UART_RS485_HD_ENABLED*/
 141   1      
 142   1          UART_RS485_Stop();
 143   1          UART_RS485_SaveConfig();
 144   1      }
 145          
 146          
 147          /*******************************************************************************
 148          * Function Name: UART_RS485_Wakeup
 149          ********************************************************************************
 150          *
 151          * Summary:
 152          *  This is the preferred API to restore the component to the state when 
 153          *  UART_RS485_Sleep() was called. The UART_RS485_Wakeup() function
 154          *  calls the UART_RS485_RestoreConfig() function to restore the 
 155          *  configuration. If the component was enabled before the 
 156          *  UART_RS485_Sleep() function was called, the UART_RS485_Wakeup()
 157          *  function will also re-enable the component.
 158          *
 159          * Parameters:
 160          *  None.
 161          *
 162          * Return:
 163          *  None.
 164          *
 165          * Global Variables:
 166          *  UART_RS485_backup - used when non-retention registers are restored.
 167          *
 168          * Reentrant:
 169          *  No.
 170          *
 171          *******************************************************************************/
 172          void UART_RS485_Wakeup(void)
 173          {
 174   1          UART_RS485_RestoreConfig();
 175   1          #if( (UART_RS485_RX_ENABLED) || (UART_RS485_HD_ENABLED) )
C51 COMPILER V9.51   UART_RS485_PM                                                         02/07/2017 16:12:10 PAGE 4   

 176   1              UART_RS485_ClearRxBuffer();
 177   1          #endif /* End (UART_RS485_RX_ENABLED) || (UART_RS485_HD_ENABLED) */
 178   1          #if(UART_RS485_TX_ENABLED || UART_RS485_HD_ENABLED)
 179   1              UART_RS485_ClearTxBuffer();
 180   1          #endif /* End UART_RS485_TX_ENABLED || UART_RS485_HD_ENABLED */
 181   1      
 182   1          if(UART_RS485_backup.enableState != 0u)
 183   1          {
 184   2              UART_RS485_Enable();
 185   2          }
 186   1      }
 187          
 188          
 189          /* [] END OF FILE */
C51 COMPILER V9.51   UART_RS485_PM                                                         02/07/2017 16:12:10 PAGE 5   

ASSEMBLY LISTING OF GENERATED OBJECT CODE


             ; FUNCTION UART_RS485_SaveConfig (BEGIN)
                                           ; SOURCE LINE # 54
                                           ; SOURCE LINE # 55
                                           ; SOURCE LINE # 59
0000 22                RET     
             ; FUNCTION UART_RS485_SaveConfig (END)

             ; FUNCTION UART_RS485_RestoreConfig (BEGIN)
                                           ; SOURCE LINE # 87
                                           ; SOURCE LINE # 88
                                           ; SOURCE LINE # 92
0000 22                RET     
             ; FUNCTION UART_RS485_RestoreConfig (END)

             ; FUNCTION UART_RS485_Sleep (BEGIN)
                                           ; SOURCE LINE # 120
                                           ; SOURCE LINE # 121
                                           ; SOURCE LINE # 123
0000 906497            MOV     DPTR,#06497H
0003 E0                MOVX    A,@DPTR
0004 5410              ANL     A,#010H
0006 6008              JZ      ?C0003
                                           ; SOURCE LINE # 124
                                           ; SOURCE LINE # 125
0008 900000      R     MOV     DPTR,#UART_RS485_backup
000B 7401              MOV     A,#01H
000D F0                MOVX    @DPTR,A
                                           ; SOURCE LINE # 126
000E 8005              SJMP    ?C0004
0010         ?C0003:
                                           ; SOURCE LINE # 128
                                           ; SOURCE LINE # 129
0010 E4                CLR     A
0011 900000      R     MOV     DPTR,#UART_RS485_backup
0014 F0                MOVX    @DPTR,A
                                           ; SOURCE LINE # 130
0015         ?C0004:
                                           ; SOURCE LINE # 142
0015 120000      E     LCALL   UART_RS485_Stop
                                           ; SOURCE LINE # 143
0018 120000      R     LCALL   UART_RS485_SaveConfig
                                           ; SOURCE LINE # 144
001B 22                RET     
             ; FUNCTION UART_RS485_Sleep (END)

             ; FUNCTION UART_RS485_Wakeup (BEGIN)
                                           ; SOURCE LINE # 172
                                           ; SOURCE LINE # 173
                                           ; SOURCE LINE # 174
0000 120000      R     LCALL   UART_RS485_RestoreConfig
                                           ; SOURCE LINE # 176
0003 120000      E     LCALL   UART_RS485_ClearRxBuffer
                                           ; SOURCE LINE # 179
0006 120000      E     LCALL   UART_RS485_ClearTxBuffer
                                           ; SOURCE LINE # 182
0009 900000      R     MOV     DPTR,#UART_RS485_backup
000C E0                MOVX    A,@DPTR
000D 6003              JZ      ?C0007
                                           ; SOURCE LINE # 183
C51 COMPILER V9.51   UART_RS485_PM                                                         02/07/2017 16:12:10 PAGE 6   

                                           ; SOURCE LINE # 184
000F 120000      E     LCALL   UART_RS485_Enable
                                           ; SOURCE LINE # 185
                                           ; SOURCE LINE # 186
0012         ?C0007:
0012 22                RET     
             ; FUNCTION UART_RS485_Wakeup (END)



MODULE INFORMATION:   STATIC OVERLAYABLE
   CODE SIZE        =     49    ----
   CONSTANT SIZE    =   ----    ----
   XDATA SIZE       =      1    ----
   PDATA SIZE       =   ----    ----
   DATA SIZE        =   ----    ----
   IDATA SIZE       =   ----    ----
   BIT SIZE         =   ----    ----
   EDATA SIZE       =   ----    ----
   HDATA SIZE       =   ----    ----
   XDATA CONST SIZE =   ----    ----
   FAR CONST SIZE   =   ----    ----
END OF MODULE INFORMATION.


C51 COMPILATION COMPLETE.  0 WARNING(S),  0 ERROR(S)
