C51 COMPILER V9.51   COUNTER_ENC_PM                                                        05/11/2016 14:38:05 PAGE 1   


C51 COMPILER V9.51, COMPILATION OF MODULE COUNTER_ENC_PM
OBJECT MODULE PLACED IN .\DP8051_Keil_951\Debug\COUNTER_ENC_PM.obj
COMPILER INVOKED BY: C:\Program Files (x86)\Cypress\PSoC Creator\3.3\PSoC Creator\import\keil\pk51\9.51\C51\BIN\c51.exe 
                    -.\Generated_Source\PSoC3\COUNTER_ENC_PM.c NOIV LARGE MODDP2 OMF2 VB(1) NOIP INCDIR(.,Generated_Source\PSoC3) FF(3) DB WL
                    -(2) PR(.\DP8051_Keil_951\Debug/COUNTER_ENC_PM.lst) CD OT(2,SIZE) OJ(.\DP8051_Keil_951\Debug\COUNTER_ENC_PM.obj)

line level    source

   1          /*******************************************************************************
   2          * File Name: COUNTER_ENC_PM.c  
   3          * Version 3.0
   4          *
   5          *  Description:
   6          *    This file provides the power management source code to API for the
   7          *    Counter.  
   8          *
   9          *   Note:
  10          *     None
  11          *
  12          ********************************************************************************
  13          * Copyright 2008-2012, Cypress Semiconductor Corporation.  All rights reserved.
  14          * You may use this file only in accordance with the license, terms, conditions, 
  15          * disclaimers, and limitations in the end user license agreement accompanying 
  16          * the software package with which this file was provided.
  17          *******************************************************************************/
  18          
  19          #include "COUNTER_ENC.h"
  20          
  21          static COUNTER_ENC_backupStruct COUNTER_ENC_backup;
  22          
  23          
  24          /*******************************************************************************
  25          * Function Name: COUNTER_ENC_SaveConfig
  26          ********************************************************************************
  27          * Summary:
  28          *     Save the current user configuration
  29          *
  30          * Parameters:  
  31          *  void
  32          *
  33          * Return: 
  34          *  void
  35          *
  36          * Global variables:
  37          *  COUNTER_ENC_backup:  Variables of this global structure are modified to 
  38          *  store the values of non retention configuration registers when Sleep() API is 
  39          *  called.
  40          *
  41          *******************************************************************************/
  42          void COUNTER_ENC_SaveConfig(void) 
  43          {
  44   1          #if (!COUNTER_ENC_UsingFixedFunction)
  45   1      
  46   1              COUNTER_ENC_backup.CounterUdb = COUNTER_ENC_ReadCounter();
  47   1      
  48   1              #if(!COUNTER_ENC_ControlRegRemoved)
  49   1                  COUNTER_ENC_backup.CounterControlRegister = COUNTER_ENC_ReadControlRegister();
  50   1              #endif /* (!COUNTER_ENC_ControlRegRemoved) */
  51   1      
  52   1          #endif /* (!COUNTER_ENC_UsingFixedFunction) */
  53   1      }
C51 COMPILER V9.51   COUNTER_ENC_PM                                                        05/11/2016 14:38:05 PAGE 2   

  54          
  55          
  56          /*******************************************************************************
  57          * Function Name: COUNTER_ENC_RestoreConfig
  58          ********************************************************************************
  59          *
  60          * Summary:
  61          *  Restores the current user configuration.
  62          *
  63          * Parameters:  
  64          *  void
  65          *
  66          * Return: 
  67          *  void
  68          *
  69          * Global variables:
  70          *  COUNTER_ENC_backup:  Variables of this global structure are used to 
  71          *  restore the values of non retention registers on wakeup from sleep mode.
  72          *
  73          *******************************************************************************/
  74          void COUNTER_ENC_RestoreConfig(void) 
  75          {      
  76   1          #if (!COUNTER_ENC_UsingFixedFunction)
  77   1      
  78   1             COUNTER_ENC_WriteCounter(COUNTER_ENC_backup.CounterUdb);
  79   1      
  80   1              #if(!COUNTER_ENC_ControlRegRemoved)
  81   1                  COUNTER_ENC_WriteControlRegister(COUNTER_ENC_backup.CounterControlRegister);
  82   1              #endif /* (!COUNTER_ENC_ControlRegRemoved) */
  83   1      
  84   1          #endif /* (!COUNTER_ENC_UsingFixedFunction) */
  85   1      }
  86          
  87          
  88          /*******************************************************************************
  89          * Function Name: COUNTER_ENC_Sleep
  90          ********************************************************************************
  91          * Summary:
  92          *     Stop and Save the user configuration
  93          *
  94          * Parameters:  
  95          *  void
  96          *
  97          * Return: 
  98          *  void
  99          *
 100          * Global variables:
 101          *  COUNTER_ENC_backup.enableState:  Is modified depending on the enable 
 102          *  state of the block before entering sleep mode.
 103          *
 104          *******************************************************************************/
 105          void COUNTER_ENC_Sleep(void) 
 106          {
 107   1          #if(!COUNTER_ENC_ControlRegRemoved)
 108   1              /* Save Counter's enable state */
 109   1              if(COUNTER_ENC_CTRL_ENABLE == (COUNTER_ENC_CONTROL & COUNTER_ENC_CTRL_ENABLE))
 110   1              {
 111   2                  /* Counter is enabled */
 112   2                  COUNTER_ENC_backup.CounterEnableState = 1u;
 113   2              }
 114   1              else
 115   1              {
C51 COMPILER V9.51   COUNTER_ENC_PM                                                        05/11/2016 14:38:05 PAGE 3   

 116   2                  /* Counter is disabled */
 117   2                  COUNTER_ENC_backup.CounterEnableState = 0u;
 118   2              }
 119   1          #else
                      COUNTER_ENC_backup.CounterEnableState = 1u;
                      if(COUNTER_ENC_backup.CounterEnableState != 0u)
                      {
                          COUNTER_ENC_backup.CounterEnableState = 0u;
                      }
                  #endif /* (!COUNTER_ENC_ControlRegRemoved) */
 126   1          
 127   1          COUNTER_ENC_Stop();
 128   1          COUNTER_ENC_SaveConfig();
 129   1      }
 130          
 131          
 132          /*******************************************************************************
 133          * Function Name: COUNTER_ENC_Wakeup
 134          ********************************************************************************
 135          *
 136          * Summary:
 137          *  Restores and enables the user configuration
 138          *  
 139          * Parameters:  
 140          *  void
 141          *
 142          * Return: 
 143          *  void
 144          *
 145          * Global variables:
 146          *  COUNTER_ENC_backup.enableState:  Is used to restore the enable state of 
 147          *  block on wakeup from sleep mode.
 148          *
 149          *******************************************************************************/
 150          void COUNTER_ENC_Wakeup(void) 
 151          {
 152   1          COUNTER_ENC_RestoreConfig();
 153   1          #if(!COUNTER_ENC_ControlRegRemoved)
 154   1              if(COUNTER_ENC_backup.CounterEnableState == 1u)
 155   1              {
 156   2                  /* Enable Counter's operation */
 157   2                  COUNTER_ENC_Enable();
 158   2              } /* Do nothing if Counter was disabled before */    
 159   1          #endif /* (!COUNTER_ENC_ControlRegRemoved) */
 160   1          
 161   1      }
 162          
 163          
 164          /* [] END OF FILE */
C51 COMPILER V9.51   COUNTER_ENC_PM                                                        05/11/2016 14:38:05 PAGE 4   

ASSEMBLY LISTING OF GENERATED OBJECT CODE


             ; FUNCTION COUNTER_ENC_SaveConfig (BEGIN)
                                           ; SOURCE LINE # 42
                                           ; SOURCE LINE # 43
                                           ; SOURCE LINE # 46
0000 120000      E     LCALL   COUNTER_ENC_ReadCounter
0003 900000      R     MOV     DPTR,#COUNTER_ENC_backup+01H
0006 EF                MOV     A,R7
0007 F0                MOVX    @DPTR,A
                                           ; SOURCE LINE # 49
0008 120000      E     LCALL   COUNTER_ENC_ReadControlRegister
000B 900000      R     MOV     DPTR,#COUNTER_ENC_backup+02H
000E EF                MOV     A,R7
000F F0                MOVX    @DPTR,A
                                           ; SOURCE LINE # 53
0010 22                RET     
             ; FUNCTION COUNTER_ENC_SaveConfig (END)

             ; FUNCTION COUNTER_ENC_RestoreConfig (BEGIN)
                                           ; SOURCE LINE # 74
                                           ; SOURCE LINE # 75
                                           ; SOURCE LINE # 78
0000 900000      R     MOV     DPTR,#COUNTER_ENC_backup+01H
0003 E0                MOVX    A,@DPTR
0004 FF                MOV     R7,A
0005 120000      E     LCALL   _COUNTER_ENC_WriteCounter
                                           ; SOURCE LINE # 81
0008 900000      R     MOV     DPTR,#COUNTER_ENC_backup+02H
000B E0                MOVX    A,@DPTR
000C FF                MOV     R7,A
000D 120000      E     LCALL   _COUNTER_ENC_WriteControlRegister
                                           ; SOURCE LINE # 85
0010 22                RET     
             ; FUNCTION COUNTER_ENC_RestoreConfig (END)

             ; FUNCTION COUNTER_ENC_Sleep (BEGIN)
                                           ; SOURCE LINE # 105
                                           ; SOURCE LINE # 106
                                           ; SOURCE LINE # 109
0000 906577            MOV     DPTR,#06577H
0003 E0                MOVX    A,@DPTR
0004 FF                MOV     R7,A
0005 EF                MOV     A,R7
0006 30E708            JNB     ACC.7,?C0003
                                           ; SOURCE LINE # 110
                                           ; SOURCE LINE # 112
0009 900000      R     MOV     DPTR,#COUNTER_ENC_backup
000C 7401              MOV     A,#01H
000E F0                MOVX    @DPTR,A
                                           ; SOURCE LINE # 113
000F 8005              SJMP    ?C0004
0011         ?C0003:
                                           ; SOURCE LINE # 115
                                           ; SOURCE LINE # 117
0011 900000      R     MOV     DPTR,#COUNTER_ENC_backup
0014 E4                CLR     A
0015 F0                MOVX    @DPTR,A
                                           ; SOURCE LINE # 118
0016         ?C0004:
                                           ; SOURCE LINE # 127
C51 COMPILER V9.51   COUNTER_ENC_PM                                                        05/11/2016 14:38:05 PAGE 5   

0016 120000      E     LCALL   COUNTER_ENC_Stop
                                           ; SOURCE LINE # 128
0019 120000      R     LCALL   COUNTER_ENC_SaveConfig
                                           ; SOURCE LINE # 129
001C 22                RET     
             ; FUNCTION COUNTER_ENC_Sleep (END)

             ; FUNCTION COUNTER_ENC_Wakeup (BEGIN)
                                           ; SOURCE LINE # 150
                                           ; SOURCE LINE # 151
                                           ; SOURCE LINE # 152
0000 120000      R     LCALL   COUNTER_ENC_RestoreConfig
                                           ; SOURCE LINE # 154
0003 900000      R     MOV     DPTR,#COUNTER_ENC_backup
0006 E0                MOVX    A,@DPTR
0007 FF                MOV     R7,A
0008 EF                MOV     A,R7
0009 B40103            CJNE    A,#01H,?C0007
                                           ; SOURCE LINE # 155
                                           ; SOURCE LINE # 157
000C 120000      E     LCALL   COUNTER_ENC_Enable
                                           ; SOURCE LINE # 158
                                           ; SOURCE LINE # 161
000F         ?C0007:
000F 22                RET     
             ; FUNCTION COUNTER_ENC_Wakeup (END)



MODULE INFORMATION:   STATIC OVERLAYABLE
   CODE SIZE        =     79    ----
   CONSTANT SIZE    =   ----    ----
   XDATA SIZE       =      3    ----
   PDATA SIZE       =   ----    ----
   DATA SIZE        =   ----    ----
   IDATA SIZE       =   ----    ----
   BIT SIZE         =   ----    ----
   EDATA SIZE       =   ----    ----
   HDATA SIZE       =   ----    ----
   XDATA CONST SIZE =   ----    ----
   FAR CONST SIZE   =   ----    ----
END OF MODULE INFORMATION.


C51 COMPILATION COMPLETE.  0 WARNING(S),  0 ERROR(S)
