C51 COMPILER V9.51   GLOBALS                                                               05/18/2016 12:37:56 PAGE 1   


C51 COMPILER V9.51, COMPILATION OF MODULE GLOBALS
OBJECT MODULE PLACED IN .\DP8051_Keil_951\Debug\globals.obj
COMPILER INVOKED BY: C:\Program Files (x86)\Cypress\PSoC Creator\3.3\PSoC Creator\import\keil\pk51\9.51\C51\BIN\c51.exe 
                    -.\globals.c NOIV LARGE MODDP2 OMF2 VB(1) NOIP INCDIR(.,Generated_Source\PSoC3) FF(3) DB WL(2) PR(.\DP8051_Keil_951\Debug
                    -/globals.lst) CD OT(2,SIZE) OJ(.\DP8051_Keil_951\Debug\globals.obj)

line level    source

   1          // ----------------------------------------------------------------------------
   2          // Copyright (C)  qbrobotics. All rights reserved.
   3          // www.qbrobotics.com
   4          // ----------------------------------------------------------------------------
   5          
   6          /**
   7          * \file         globals.c
   8          *
   9          * \brief        Global variables.
  10          * \date         Dic. 1, 2015
  11          * \author       qbrobotics
  12          * \copyright    (C)  qbrobotics. All rights reserved.
  13          */
  14          
  15          //=================================================================     includes
  16          
  17          #include <globals.h>
  18          
  19          //=============================================      global variables definition
  20          
  21          struct st_ref   g_ref, g_refNew, g_refOld;  // motor variables
  22          struct st_meas  g_meas, g_measOld;          // measurements
  23          struct st_data  g_rx;                       // income data
  24          struct st_mem   g_mem, c_mem;               // memory
  25          
  26          // Timer value for debug field
  27          
  28          uint32 timer_value;
  29          uint32 timer_value0;
  30          
  31          // Device Data
  32          
  33          int32   dev_tension;                // Power supply tension
  34          uint8   dev_pwm_limit;
  35          
  36          uint8 calibration_flag;
  37          
  38          // Bit Flag
  39          
  40          CYBIT reset_last_value_flag;
  41          CYBIT tension_valid;
  42          CYBIT interrupt_flag;
  43          CYBIT watchdog_flag;
  44          
  45          // DMA Buffer
  46          
  47          int16 ADC_buf[3]; 
C51 COMPILER V9.51   GLOBALS                                                               05/18/2016 12:37:56 PAGE 2   

ASSEMBLY LISTING OF GENERATED OBJECT CODE




MODULE INFORMATION:   STATIC OVERLAYABLE
   CODE SIZE        =   ----    ----
   CONSTANT SIZE    =   ----    ----
   XDATA SIZE       =    388    ----
   PDATA SIZE       =   ----    ----
   DATA SIZE        =   ----    ----
   IDATA SIZE       =   ----    ----
   BIT SIZE         =      4    ----
   EDATA SIZE       =   ----    ----
   HDATA SIZE       =   ----    ----
   XDATA CONST SIZE =   ----    ----
   FAR CONST SIZE   =   ----    ----
END OF MODULE INFORMATION.


C51 COMPILATION COMPLETE.  0 WARNING(S),  0 ERROR(S)
