C51 COMPILER V9.51   RESET_FF                                                              05/11/2016 14:38:11 PAGE 1   


C51 COMPILER V9.51, COMPILATION OF MODULE RESET_FF
OBJECT MODULE PLACED IN .\DP8051_Keil_951\Debug\RESET_FF.obj
COMPILER INVOKED BY: C:\Program Files (x86)\Cypress\PSoC Creator\3.3\PSoC Creator\import\keil\pk51\9.51\C51\BIN\c51.exe 
                    -.\Generated_Source\PSoC3\RESET_FF.c NOIV LARGE MODDP2 OMF2 VB(1) NOIP INCDIR(.,Generated_Source\PSoC3) FF(3) DB WL(2) PR
                    -(.\DP8051_Keil_951\Debug/RESET_FF.lst) CD OT(2,SIZE) OJ(.\DP8051_Keil_951\Debug\RESET_FF.obj)

line level    source

   1          /*******************************************************************************
   2          * File Name: RESET_FF.c  
   3          * Version 1.80
   4          *
   5          * Description:
   6          *  This file contains API to enable firmware control of a Control Register.
   7          *
   8          * Note:
   9          *
  10          ********************************************************************************
  11          * Copyright 2008-2015, Cypress Semiconductor Corporation.  All rights reserved.
  12          * You may use this file only in accordance with the license, terms, conditions, 
  13          * disclaimers, and limitations in the end user license agreement accompanying 
  14          * the software package with which this file was provided.
  15          *******************************************************************************/
  16          
  17          #include "RESET_FF.h"
  18          
  19          /* Check for removal by optimization */
  20          #if !defined(RESET_FF_Sync_ctrl_reg__REMOVED)
  21          
  22              
  23          /*******************************************************************************
  24          * Function Name: RESET_FF_Write
  25          ********************************************************************************
  26          *
  27          * Summary:
  28          *  Write a byte to the Control Register.
  29          *
  30          * Parameters:
  31          *  control:  The value to be assigned to the Control Register.
  32          *
  33          * Return:
  34          *  None.
  35          *
  36          *******************************************************************************/
  37          void RESET_FF_Write(uint8 control) 
  38          {
  39   1          RESET_FF_Control = control;
  40   1      }
  41          
  42          
  43          /*******************************************************************************
  44          * Function Name: RESET_FF_Read
  45          ********************************************************************************
  46          *
  47          * Summary:
  48          *  Reads the current value assigned to the Control Register.
  49          *
  50          * Parameters:
  51          *  None.
  52          *
  53          * Return:
C51 COMPILER V9.51   RESET_FF                                                              05/11/2016 14:38:11 PAGE 2   

  54          *  Returns the current value in the Control Register.
  55          *
  56          *******************************************************************************/
  57          uint8 RESET_FF_Read(void) 
  58          {
  59   1          return RESET_FF_Control;
  60   1      }
  61          
  62          #endif /* End check for removal by optimization */
  63          
  64          
  65          /* [] END OF FILE */
C51 COMPILER V9.51   RESET_FF                                                              05/11/2016 14:38:11 PAGE 3   

ASSEMBLY LISTING OF GENERATED OBJECT CODE


             ; FUNCTION _RESET_FF_Write (BEGIN)
                                           ; SOURCE LINE # 37
0000 900000      R     MOV     DPTR,#control
0003 EF                MOV     A,R7
0004 F0                MOVX    @DPTR,A
                                           ; SOURCE LINE # 38
                                           ; SOURCE LINE # 39
0005 900000      R     MOV     DPTR,#control
0008 E0                MOVX    A,@DPTR
0009 FF                MOV     R7,A
000A 906574            MOV     DPTR,#06574H
000D EF                MOV     A,R7
000E F0                MOVX    @DPTR,A
                                           ; SOURCE LINE # 40
000F 22                RET     
             ; FUNCTION _RESET_FF_Write (END)

             ; FUNCTION RESET_FF_Read (BEGIN)
                                           ; SOURCE LINE # 57
                                           ; SOURCE LINE # 58
                                           ; SOURCE LINE # 59
0000 906574            MOV     DPTR,#06574H
0003 E0                MOVX    A,@DPTR
0004 FF                MOV     R7,A
                                           ; SOURCE LINE # 60
0005         ?C0002:
0005 22                RET     
             ; FUNCTION RESET_FF_Read (END)



MODULE INFORMATION:   STATIC OVERLAYABLE
   CODE SIZE        =     22    ----
   CONSTANT SIZE    =   ----    ----
   XDATA SIZE       =   ----       1
   PDATA SIZE       =   ----    ----
   DATA SIZE        =   ----    ----
   IDATA SIZE       =   ----    ----
   BIT SIZE         =   ----    ----
   EDATA SIZE       =   ----    ----
   HDATA SIZE       =   ----    ----
   XDATA CONST SIZE =   ----    ----
   FAR CONST SIZE   =   ----    ----
END OF MODULE INFORMATION.


C51 COMPILATION COMPLETE.  0 WARNING(S),  0 ERROR(S)
