C51 COMPILER V9.51   RS_485_EN                                                             05/11/2016 14:38:04 PAGE 1   


C51 COMPILER V9.51, COMPILATION OF MODULE RS_485_EN
OBJECT MODULE PLACED IN .\DP8051_Keil_951\Debug\RS_485_EN.obj
COMPILER INVOKED BY: C:\Program Files (x86)\Cypress\PSoC Creator\3.3\PSoC Creator\import\keil\pk51\9.51\C51\BIN\c51.exe 
                    -.\Generated_Source\PSoC3\RS_485_EN.c NOIV LARGE MODDP2 OMF2 VB(1) NOIP INCDIR(.,Generated_Source\PSoC3) FF(3) DB WL(2) P
                    -R(.\DP8051_Keil_951\Debug/RS_485_EN.lst) CD OT(2,SIZE) OJ(.\DP8051_Keil_951\Debug\RS_485_EN.obj)

line level    source

   1          /*******************************************************************************
   2          * File Name: RS_485_EN.c  
   3          * Version 2.10
   4          *
   5          * Description:
   6          *  This file contains API to enable firmware control of a Pins component.
   7          *
   8          * Note:
   9          *
  10          ********************************************************************************
  11          * Copyright 2008-2014, Cypress Semiconductor Corporation.  All rights reserved.
  12          * You may use this file only in accordance with the license, terms, conditions, 
  13          * disclaimers, and limitations in the end user license agreement accompanying 
  14          * the software package with which this file was provided.
  15          *******************************************************************************/
  16          
  17          #include "cytypes.h"
  18          #include "RS_485_EN.h"
  19          
  20          
  21          /*******************************************************************************
  22          * Function Name: RS_485_EN_Write
  23          ********************************************************************************
  24          *
  25          * Summary:
  26          *  Assign a new value to the digital port's data output register.  
  27          *
  28          * Parameters:  
  29          *  prtValue:  The value to be assigned to the Digital Port. 
  30          *
  31          * Return: 
  32          *  None 
  33          *  
  34          *******************************************************************************/
  35          void RS_485_EN_Write(uint8 value) 
  36          {
  37   1          uint8 staticBits = (RS_485_EN_DR & (uint8)(~RS_485_EN_MASK));
  38   1          RS_485_EN_DR = staticBits | ((uint8)(value << RS_485_EN_SHIFT) & RS_485_EN_MASK);
  39   1      }
  40          
  41          
  42          /*******************************************************************************
  43          * Function Name: RS_485_EN_SetDriveMode
  44          ********************************************************************************
  45          *
  46          * Summary:
  47          *  Change the drive mode on the pins of the port.
  48          * 
  49          * Parameters:  
  50          *  mode:  Change the pins to one of the following drive modes.
  51          *
  52          *  RS_485_EN_DM_STRONG     Strong Drive 
  53          *  RS_485_EN_DM_OD_HI      Open Drain, Drives High 
C51 COMPILER V9.51   RS_485_EN                                                             05/11/2016 14:38:04 PAGE 2   

  54          *  RS_485_EN_DM_OD_LO      Open Drain, Drives Low 
  55          *  RS_485_EN_DM_RES_UP     Resistive Pull Up 
  56          *  RS_485_EN_DM_RES_DWN    Resistive Pull Down 
  57          *  RS_485_EN_DM_RES_UPDWN  Resistive Pull Up/Down 
  58          *  RS_485_EN_DM_DIG_HIZ    High Impedance Digital 
  59          *  RS_485_EN_DM_ALG_HIZ    High Impedance Analog 
  60          *
  61          * Return: 
  62          *  None
  63          *
  64          *******************************************************************************/
  65          void RS_485_EN_SetDriveMode(uint8 mode) 
  66          {
  67   1              CyPins_SetPinDriveMode(RS_485_EN_0, mode);
  68   1      }
  69          
  70          
  71          /*******************************************************************************
  72          * Function Name: RS_485_EN_Read
  73          ********************************************************************************
  74          *
  75          * Summary:
  76          *  Read the current value on the pins of the Digital Port in right justified 
  77          *  form.
  78          *
  79          * Parameters:  
  80          *  None 
  81          *
  82          * Return: 
  83          *  Returns the current value of the Digital Port as a right justified number
  84          *  
  85          * Note:
  86          *  Macro RS_485_EN_ReadPS calls this function. 
  87          *  
  88          *******************************************************************************/
  89          uint8 RS_485_EN_Read(void) 
  90          {
  91   1          return (RS_485_EN_PS & RS_485_EN_MASK) >> RS_485_EN_SHIFT;
  92   1      }
  93          
  94          
  95          /*******************************************************************************
  96          * Function Name: RS_485_EN_ReadDataReg
  97          ********************************************************************************
  98          *
  99          * Summary:
 100          *  Read the current value assigned to a Digital Port's data output register
 101          *
 102          * Parameters:  
 103          *  None 
 104          *
 105          * Return: 
 106          *  Returns the current value assigned to the Digital Port's data output register
 107          *  
 108          *******************************************************************************/
 109          uint8 RS_485_EN_ReadDataReg(void) 
 110          {
 111   1          return (RS_485_EN_DR & RS_485_EN_MASK) >> RS_485_EN_SHIFT;
 112   1      }
 113          
 114          
 115          /* If Interrupts Are Enabled for this Pins component */ 
C51 COMPILER V9.51   RS_485_EN                                                             05/11/2016 14:38:04 PAGE 3   

 116          #if defined(RS_485_EN_INTSTAT) 
              
                  /*******************************************************************************
                  * Function Name: RS_485_EN_ClearInterrupt
                  ********************************************************************************
                  *
                  * Summary:
                  *  Clears any active interrupts attached to port and returns the value of the 
                  *  interrupt status register.
                  *
                  * Parameters:  
                  *  None 
                  *
                  * Return: 
                  *  Returns the value of the interrupt status register
                  *  
                  *******************************************************************************/
                  uint8 RS_485_EN_ClearInterrupt(void) 
                  {
                      return (RS_485_EN_INTSTAT & RS_485_EN_MASK) >> RS_485_EN_SHIFT;
                  }
              
              #endif /* If Interrupts Are Enabled for this Pins component */ 
 139          
 140          
 141          /* [] END OF FILE */
C51 COMPILER V9.51   RS_485_EN                                                             05/11/2016 14:38:04 PAGE 4   

ASSEMBLY LISTING OF GENERATED OBJECT CODE


             ; FUNCTION _RS_485_EN_Write (BEGIN)
                                           ; SOURCE LINE # 35
0000 900000      R     MOV     DPTR,#value
0003 EF                MOV     A,R7
0004 F0                MOVX    @DPTR,A
                                           ; SOURCE LINE # 36
                                           ; SOURCE LINE # 37
0005 905120            MOV     DPTR,#05120H
0008 E0                MOVX    A,@DPTR
0009 FF                MOV     R7,A
000A EF                MOV     A,R7
000B 54BF              ANL     A,#0BFH
000D FF                MOV     R7,A
000E 900000      R     MOV     DPTR,#staticBits
0011 EF                MOV     A,R7
0012 F0                MOVX    @DPTR,A
                                           ; SOURCE LINE # 38
0013 900000      R     MOV     DPTR,#value
0016 E0                MOVX    A,@DPTR
0017 FF                MOV     R7,A
0018 EF                MOV     A,R7
0019 C4                SWAP    A
001A 33                RLC     A
001B 33                RLC     A
001C 54C0              ANL     A,#0C0H
001E FF                MOV     R7,A
001F EF                MOV     A,R7
0020 5440              ANL     A,#040H
0022 FF                MOV     R7,A
0023 900000      R     MOV     DPTR,#staticBits
0026 E0                MOVX    A,@DPTR
0027 FE                MOV     R6,A
0028 EF                MOV     A,R7
0029 4E                ORL     A,R6
002A FF                MOV     R7,A
002B 905120            MOV     DPTR,#05120H
002E EF                MOV     A,R7
002F F0                MOVX    @DPTR,A
                                           ; SOURCE LINE # 39
0030 22                RET     
             ; FUNCTION _RS_485_EN_Write (END)

             ; FUNCTION _RS_485_EN_SetDriveMode (BEGIN)
                                           ; SOURCE LINE # 65
0000 900000      R     MOV     DPTR,#mode
0003 EF                MOV     A,R7
0004 F0                MOVX    @DPTR,A
                                           ; SOURCE LINE # 66
                                           ; SOURCE LINE # 67
0005 900000      R     MOV     DPTR,#mode
0008 E0                MOVX    A,@DPTR
0009 FF                MOV     R7,A
000A EF                MOV     A,R7
000B 540E              ANL     A,#0EH
000D FF                MOV     R7,A
000E 905016            MOV     DPTR,#05016H
0011 E0                MOVX    A,@DPTR
0012 FE                MOV     R6,A
0013 EE                MOV     A,R6
C51 COMPILER V9.51   RS_485_EN                                                             05/11/2016 14:38:04 PAGE 5   

0014 54F1              ANL     A,#0F1H
0016 FE                MOV     R6,A
0017 EE                MOV     A,R6
0018 4F                ORL     A,R7
0019 FF                MOV     R7,A
001A 905016            MOV     DPTR,#05016H
001D EF                MOV     A,R7
001E F0                MOVX    @DPTR,A
                                           ; SOURCE LINE # 68
001F 22                RET     
             ; FUNCTION _RS_485_EN_SetDriveMode (END)

             ; FUNCTION RS_485_EN_Read (BEGIN)
                                           ; SOURCE LINE # 89
                                           ; SOURCE LINE # 90
                                           ; SOURCE LINE # 91
0000 905121            MOV     DPTR,#05121H
0003 E0                MOVX    A,@DPTR
0004 FF                MOV     R7,A
0005 EF                MOV     A,R7
0006 5440              ANL     A,#040H
0008 FF                MOV     R7,A
0009 7E00              MOV     R6,#00H
000B EF                MOV     A,R7
000C 7806              MOV     R0,#06H
000E         ?C0005:
000E CE                XCH     A,R6
000F C3                CLR     C
0010 13                RRC     A
0011 CE                XCH     A,R6
0012 13                RRC     A
0013 D8F9              DJNZ    R0,?C0005
0015 FF                MOV     R7,A
                                           ; SOURCE LINE # 92
0016         ?C0003:
0016 22                RET     
             ; FUNCTION RS_485_EN_Read (END)

             ; FUNCTION RS_485_EN_ReadDataReg (BEGIN)
                                           ; SOURCE LINE # 109
                                           ; SOURCE LINE # 110
                                           ; SOURCE LINE # 111
0000 905120            MOV     DPTR,#05120H
0003 E0                MOVX    A,@DPTR
0004 FF                MOV     R7,A
0005 EF                MOV     A,R7
0006 5440              ANL     A,#040H
0008 FF                MOV     R7,A
0009 7E00              MOV     R6,#00H
000B EF                MOV     A,R7
000C 7806              MOV     R0,#06H
000E         ?C0006:
000E CE                XCH     A,R6
000F C3                CLR     C
0010 13                RRC     A
0011 CE                XCH     A,R6
0012 13                RRC     A
0013 D8F9              DJNZ    R0,?C0006
0015 FF                MOV     R7,A
                                           ; SOURCE LINE # 112
0016         ?C0004:
0016 22                RET     
C51 COMPILER V9.51   RS_485_EN                                                             05/11/2016 14:38:04 PAGE 6   

             ; FUNCTION RS_485_EN_ReadDataReg (END)



MODULE INFORMATION:   STATIC OVERLAYABLE
   CODE SIZE        =    127    ----
   CONSTANT SIZE    =   ----    ----
   XDATA SIZE       =   ----       3
   PDATA SIZE       =   ----    ----
   DATA SIZE        =   ----    ----
   IDATA SIZE       =   ----    ----
   BIT SIZE         =   ----    ----
   EDATA SIZE       =   ----    ----
   HDATA SIZE       =   ----    ----
   XDATA CONST SIZE =   ----    ----
   FAR CONST SIZE   =   ----    ----
END OF MODULE INFORMATION.


C51 COMPILATION COMPLETE.  0 WARNING(S),  0 ERROR(S)
